<?xml version="1.0" encoding="UTF-8"?>
<testsuite xmlns:xsi="http://www.w3.org/2001/XMLSchema-instance" xsi:noNamespaceSchemaLocation="https://maven.apache.org/surefire/maven-surefire-plugin/xsd/surefire-test-report.xsd" name="TiendaTest" time="0.049" tests="6" errors="0" skipped="0" failures="0">
  <properties>
[...]
</properties>
  <testcase name="agregarStockTestOK" classname="TiendaTest" time="0.001"/>
  <testcase name="getNombreTestOK" classname="TiendaTest" time="0.001"/>
  <testcase name="constructorDefaultTestOK" classname="TiendaTest" time="0"/>
  <testcase name="cambiarPrecioTestOK" classname="TiendaTest" time="0.002"/>
  <testcase name="venderTestOK" classname="TiendaTest" time="0.001"/>
  <testcase name="TiendaProductosImprimirTestOK" classname="TiendaTest" time="0.017"/>
</testsuite>