<?xml version="1.0" encoding="UTF-8"?>
<testsuite xmlns:xsi="http://www.w3.org/2001/XMLSchema-instance" xsi:noNamespaceSchemaLocation="https://maven.apache.org/surefire/maven-surefire-plugin/xsd/surefire-test-report-3.0.xsd" version="3.0" name="es.ies.puerto.negocio.MarvelNegocioTest" time="0.687" tests="11" errors="0" skipped="0" failures="0">
  <properties>
[...]
</properties>
  <testcase name="obtenerEquipamientosTest" classname="es.ies.puerto.negocio.MarvelNegocioTest" time="0.257">
    <system-out><![CDATA[Hibernate: insert into Alias (descripcion, personaje_id, id) values (?, ?, ?)
Hibernate: insert into Personajes (alias_id, genero, nombre, id) values (?, ?, ?, ?)
Hibernate: insert into Equipamientos (descripcion, nombre, personaje_id, id) values (?, ?, ?, ?)
Hibernate: insert into Poderes (nombre, id) values (?, ?)
Hibernate: insert into Personajes_Poderes (personaje_id, poderes_id) values (?, ?)
Hibernate: select equipamien0_.id as id1_1_, equipamien0_.descripcion as descripc2_1_, equipamien0_.nombre as nombre3_1_, equipamien0_.personaje_id as personaj4_1_ from Equipamientos equipamien0_
Hibernate: delete from Personajes_Poderes where personaje_id=?
Hibernate: delete from Equipamientos where id=?
Hibernate: delete from Poderes where id=?
Hibernate: delete from Personajes where id=?
Hibernate: delete from Alias where id=?
Hibernate: select personaje0_.id as id1_2_0_, personaje0_.alias_id as alias_id4_2_0_, personaje0_.genero as genero2_2_0_, personaje0_.nombre as nombre3_2_0_, alias1_.id as id1_0_1_, alias1_.descripcion as descripc2_0_1_, alias1_.personaje_id as personaj3_0_1_, personaje2_.id as id1_2_2_, personaje2_.alias_id as alias_id4_2_2_, personaje2_.genero as genero2_2_2_, personaje2_.nombre as nombre3_2_2_ from Personajes personaje0_ left outer join Alias alias1_ on personaje0_.alias_id=alias1_.id left outer join Personajes personaje2_ on alias1_.personaje_id=personaje2_.id where personaje0_.id=?
]]></system-out>
  </testcase>
  <testcase name="obtenerPersonajeByIdTest" classname="es.ies.puerto.negocio.MarvelNegocioTest" time="0.028">
    <system-out><![CDATA[Hibernate: insert into Alias (descripcion, personaje_id, id) values (?, ?, ?)
Hibernate: insert into Personajes (alias_id, genero, nombre, id) values (?, ?, ?, ?)
Hibernate: insert into Equipamientos (descripcion, nombre, personaje_id, id) values (?, ?, ?, ?)
Hibernate: insert into Poderes (nombre, id) values (?, ?)
Hibernate: insert into Personajes_Poderes (personaje_id, poderes_id) values (?, ?)
Hibernate: delete from Personajes_Poderes where personaje_id=?
Hibernate: delete from Equipamientos where id=?
Hibernate: delete from Poderes where id=?
Hibernate: delete from Personajes where id=?
Hibernate: delete from Alias where id=?
Hibernate: select personaje0_.id as id1_2_0_, personaje0_.alias_id as alias_id4_2_0_, personaje0_.genero as genero2_2_0_, personaje0_.nombre as nombre3_2_0_, alias1_.id as id1_0_1_, alias1_.descripcion as descripc2_0_1_, alias1_.personaje_id as personaj3_0_1_, personaje2_.id as id1_2_2_, personaje2_.alias_id as alias_id4_2_2_, personaje2_.genero as genero2_2_2_, personaje2_.nombre as nombre3_2_2_ from Personajes personaje0_ left outer join Alias alias1_ on personaje0_.alias_id=alias1_.id left outer join Personajes personaje2_ on alias1_.personaje_id=personaje2_.id where personaje0_.id=?
]]></system-out>
  </testcase>
  <testcase name="obtenerEquipamientoByIdTest" classname="es.ies.puerto.negocio.MarvelNegocioTest" time="0.023">
    <system-out><![CDATA[Hibernate: insert into Alias (descripcion, personaje_id, id) values (?, ?, ?)
Hibernate: insert into Personajes (alias_id, genero, nombre, id) values (?, ?, ?, ?)
Hibernate: insert into Equipamientos (descripcion, nombre, personaje_id, id) values (?, ?, ?, ?)
Hibernate: insert into Poderes (nombre, id) values (?, ?)
Hibernate: insert into Personajes_Poderes (personaje_id, poderes_id) values (?, ?)
Hibernate: delete from Personajes_Poderes where personaje_id=?
Hibernate: delete from Equipamientos where id=?
Hibernate: delete from Poderes where id=?
Hibernate: delete from Personajes where id=?
Hibernate: delete from Alias where id=?
Hibernate: select personaje0_.id as id1_2_0_, personaje0_.alias_id as alias_id4_2_0_, personaje0_.genero as genero2_2_0_, personaje0_.nombre as nombre3_2_0_, alias1_.id as id1_0_1_, alias1_.descripcion as descripc2_0_1_, alias1_.personaje_id as personaj3_0_1_, personaje2_.id as id1_2_2_, personaje2_.alias_id as alias_id4_2_2_, personaje2_.genero as genero2_2_2_, personaje2_.nombre as nombre3_2_2_ from Personajes personaje0_ left outer join Alias alias1_ on personaje0_.alias_id=alias1_.id left outer join Personajes personaje2_ on alias1_.personaje_id=personaje2_.id where personaje0_.id=?
]]></system-out>
  </testcase>
  <testcase name="obtenerPoderByIdTest" classname="es.ies.puerto.negocio.MarvelNegocioTest" time="0.026">
    <system-out><![CDATA[Hibernate: insert into Alias (descripcion, personaje_id, id) values (?, ?, ?)
Hibernate: insert into Personajes (alias_id, genero, nombre, id) values (?, ?, ?, ?)
Hibernate: insert into Equipamientos (descripcion, nombre, personaje_id, id) values (?, ?, ?, ?)
Hibernate: insert into Poderes (nombre, id) values (?, ?)
Hibernate: insert into Personajes_Poderes (personaje_id, poderes_id) values (?, ?)
Hibernate: delete from Personajes_Poderes where personaje_id=?
Hibernate: delete from Equipamientos where id=?
Hibernate: delete from Poderes where id=?
Hibernate: delete from Personajes where id=?
Hibernate: delete from Alias where id=?
Hibernate: select personaje0_.id as id1_2_0_, personaje0_.alias_id as alias_id4_2_0_, personaje0_.genero as genero2_2_0_, personaje0_.nombre as nombre3_2_0_, alias1_.id as id1_0_1_, alias1_.descripcion as descripc2_0_1_, alias1_.personaje_id as personaj3_0_1_, personaje2_.id as id1_2_2_, personaje2_.alias_id as alias_id4_2_2_, personaje2_.genero as genero2_2_2_, personaje2_.nombre as nombre3_2_2_ from Personajes personaje0_ left outer join Alias alias1_ on personaje0_.alias_id=alias1_.id left outer join Personajes personaje2_ on alias1_.personaje_id=personaje2_.id where personaje0_.id=?
]]></system-out>
  </testcase>
  <testcase name="obtenerPoderesTest" classname="es.ies.puerto.negocio.MarvelNegocioTest" time="0.034">
    <system-out><![CDATA[Hibernate: insert into Alias (descripcion, personaje_id, id) values (?, ?, ?)
Hibernate: insert into Personajes (alias_id, genero, nombre, id) values (?, ?, ?, ?)
Hibernate: insert into Equipamientos (descripcion, nombre, personaje_id, id) values (?, ?, ?, ?)
Hibernate: insert into Poderes (nombre, id) values (?, ?)
Hibernate: insert into Personajes_Poderes (personaje_id, poderes_id) values (?, ?)
Hibernate: select poder0_.id as id1_4_, poder0_.nombre as nombre2_4_ from Poderes poder0_
Hibernate: delete from Personajes_Poderes where personaje_id=?
Hibernate: delete from Equipamientos where id=?
Hibernate: delete from Poderes where id=?
Hibernate: delete from Personajes where id=?
Hibernate: delete from Alias where id=?
Hibernate: select personaje0_.id as id1_2_0_, personaje0_.alias_id as alias_id4_2_0_, personaje0_.genero as genero2_2_0_, personaje0_.nombre as nombre3_2_0_, alias1_.id as id1_0_1_, alias1_.descripcion as descripc2_0_1_, alias1_.personaje_id as personaj3_0_1_, personaje2_.id as id1_2_2_, personaje2_.alias_id as alias_id4_2_2_, personaje2_.genero as genero2_2_2_, personaje2_.nombre as nombre3_2_2_ from Personajes personaje0_ left outer join Alias alias1_ on personaje0_.alias_id=alias1_.id left outer join Personajes personaje2_ on alias1_.personaje_id=personaje2_.id where personaje0_.id=?
]]></system-out>
  </testcase>
  <testcase name="agregarEliminarAliasTest" classname="es.ies.puerto.negocio.MarvelNegocioTest" time="0.073">
    <system-out><![CDATA[Hibernate: insert into Alias (descripcion, personaje_id, id) values (?, ?, ?)
Hibernate: insert into Personajes (alias_id, genero, nombre, id) values (?, ?, ?, ?)
Hibernate: insert into Equipamientos (descripcion, nombre, personaje_id, id) values (?, ?, ?, ?)
Hibernate: insert into Poderes (nombre, id) values (?, ?)
Hibernate: insert into Personajes_Poderes (personaje_id, poderes_id) values (?, ?)
Hibernate: select personaje_.id, personaje_.alias_id as alias_id4_2_, personaje_.genero as genero2_2_, personaje_.nombre as nombre3_2_ from Personajes personaje_ where personaje_.id=?
Hibernate: insert into Alias (descripcion, personaje_id, id) values (?, ?, ?)
Hibernate: delete from Alias where id=?
Hibernate: select alias0_.id as id1_0_0_, alias0_.descripcion as descripc2_0_0_, alias0_.personaje_id as personaj3_0_0_, personaje1_.id as id1_2_1_, personaje1_.alias_id as alias_id4_2_1_, personaje1_.genero as genero2_2_1_, personaje1_.nombre as nombre3_2_1_, alias2_.id as id1_0_2_, alias2_.descripcion as descripc2_0_2_, alias2_.personaje_id as personaj3_0_2_ from Alias alias0_ left outer join Personajes personaje1_ on alias0_.personaje_id=personaje1_.id left outer join Alias alias2_ on personaje1_.alias_id=alias2_.id where alias0_.id=?
Hibernate: delete from Personajes_Poderes where personaje_id=?
Hibernate: delete from Equipamientos where id=?
Hibernate: delete from Poderes where id=?
Hibernate: delete from Personajes where id=?
Hibernate: delete from Alias where id=?
Hibernate: select personaje0_.id as id1_2_0_, personaje0_.alias_id as alias_id4_2_0_, personaje0_.genero as genero2_2_0_, personaje0_.nombre as nombre3_2_0_, alias1_.id as id1_0_1_, alias1_.descripcion as descripc2_0_1_, alias1_.personaje_id as personaj3_0_1_, personaje2_.id as id1_2_2_, personaje2_.alias_id as alias_id4_2_2_, personaje2_.genero as genero2_2_2_, personaje2_.nombre as nombre3_2_2_ from Personajes personaje0_ left outer join Alias alias1_ on personaje0_.alias_id=alias1_.id left outer join Personajes personaje2_ on alias1_.personaje_id=personaje2_.id where personaje0_.id=?
]]></system-out>
  </testcase>
  <testcase name="obtenerPersonajesTest" classname="es.ies.puerto.negocio.MarvelNegocioTest" time="0.034">
    <system-out><![CDATA[Hibernate: insert into Alias (descripcion, personaje_id, id) values (?, ?, ?)
Hibernate: insert into Personajes (alias_id, genero, nombre, id) values (?, ?, ?, ?)
Hibernate: insert into Equipamientos (descripcion, nombre, personaje_id, id) values (?, ?, ?, ?)
Hibernate: insert into Poderes (nombre, id) values (?, ?)
Hibernate: insert into Personajes_Poderes (personaje_id, poderes_id) values (?, ?)
Hibernate: select personaje0_.id as id1_2_, personaje0_.alias_id as alias_id4_2_, personaje0_.genero as genero2_2_, personaje0_.nombre as nombre3_2_ from Personajes personaje0_
Hibernate: delete from Personajes_Poderes where personaje_id=?
Hibernate: delete from Equipamientos where id=?
Hibernate: delete from Poderes where id=?
Hibernate: delete from Personajes where id=?
Hibernate: delete from Alias where id=?
Hibernate: select personaje0_.id as id1_2_0_, personaje0_.alias_id as alias_id4_2_0_, personaje0_.genero as genero2_2_0_, personaje0_.nombre as nombre3_2_0_, alias1_.id as id1_0_1_, alias1_.descripcion as descripc2_0_1_, alias1_.personaje_id as personaj3_0_1_, personaje2_.id as id1_2_2_, personaje2_.alias_id as alias_id4_2_2_, personaje2_.genero as genero2_2_2_, personaje2_.nombre as nombre3_2_2_ from Personajes personaje0_ left outer join Alias alias1_ on personaje0_.alias_id=alias1_.id left outer join Personajes personaje2_ on alias1_.personaje_id=personaje2_.id where personaje0_.id=?
]]></system-out>
  </testcase>
  <testcase name="obtenerAliasTest" classname="es.ies.puerto.negocio.MarvelNegocioTest" time="0.039">
    <system-out><![CDATA[Hibernate: insert into Alias (descripcion, personaje_id, id) values (?, ?, ?)
Hibernate: insert into Personajes (alias_id, genero, nombre, id) values (?, ?, ?, ?)
Hibernate: insert into Equipamientos (descripcion, nombre, personaje_id, id) values (?, ?, ?, ?)
Hibernate: insert into Poderes (nombre, id) values (?, ?)
Hibernate: insert into Personajes_Poderes (personaje_id, poderes_id) values (?, ?)
Hibernate: select alias0_.id as id1_0_, alias0_.descripcion as descripc2_0_, alias0_.personaje_id as personaj3_0_ from Alias alias0_
Hibernate: delete from Personajes_Poderes where personaje_id=?
Hibernate: delete from Equipamientos where id=?
Hibernate: delete from Poderes where id=?
Hibernate: delete from Personajes where id=?
Hibernate: delete from Alias where id=?
Hibernate: select personaje0_.id as id1_2_0_, personaje0_.alias_id as alias_id4_2_0_, personaje0_.genero as genero2_2_0_, personaje0_.nombre as nombre3_2_0_, alias1_.id as id1_0_1_, alias1_.descripcion as descripc2_0_1_, alias1_.personaje_id as personaj3_0_1_, personaje2_.id as id1_2_2_, personaje2_.alias_id as alias_id4_2_2_, personaje2_.genero as genero2_2_2_, personaje2_.nombre as nombre3_2_2_ from Personajes personaje0_ left outer join Alias alias1_ on personaje0_.alias_id=alias1_.id left outer join Personajes personaje2_ on alias1_.personaje_id=personaje2_.id where personaje0_.id=?
]]></system-out>
  </testcase>
  <testcase name="obtenerAliasByIdTest" classname="es.ies.puerto.negocio.MarvelNegocioTest" time="0.03">
    <system-out><![CDATA[Hibernate: insert into Alias (descripcion, personaje_id, id) values (?, ?, ?)
Hibernate: insert into Personajes (alias_id, genero, nombre, id) values (?, ?, ?, ?)
Hibernate: insert into Equipamientos (descripcion, nombre, personaje_id, id) values (?, ?, ?, ?)
Hibernate: insert into Poderes (nombre, id) values (?, ?)
Hibernate: insert into Personajes_Poderes (personaje_id, poderes_id) values (?, ?)
Hibernate: delete from Personajes_Poderes where personaje_id=?
Hibernate: delete from Equipamientos where id=?
Hibernate: delete from Poderes where id=?
Hibernate: delete from Personajes where id=?
Hibernate: delete from Alias where id=?
Hibernate: select personaje0_.id as id1_2_0_, personaje0_.alias_id as alias_id4_2_0_, personaje0_.genero as genero2_2_0_, personaje0_.nombre as nombre3_2_0_, alias1_.id as id1_0_1_, alias1_.descripcion as descripc2_0_1_, alias1_.personaje_id as personaj3_0_1_, personaje2_.id as id1_2_2_, personaje2_.alias_id as alias_id4_2_2_, personaje2_.genero as genero2_2_2_, personaje2_.nombre as nombre3_2_2_ from Personajes personaje0_ left outer join Alias alias1_ on personaje0_.alias_id=alias1_.id left outer join Personajes personaje2_ on alias1_.personaje_id=personaje2_.id where personaje0_.id=?
]]></system-out>
  </testcase>
  <testcase name="agregarEliminarpoderTest" classname="es.ies.puerto.negocio.MarvelNegocioTest" time="0.044">
    <system-out><![CDATA[Hibernate: insert into Alias (descripcion, personaje_id, id) values (?, ?, ?)
Hibernate: insert into Personajes (alias_id, genero, nombre, id) values (?, ?, ?, ?)
Hibernate: insert into Equipamientos (descripcion, nombre, personaje_id, id) values (?, ?, ?, ?)
Hibernate: insert into Poderes (nombre, id) values (?, ?)
Hibernate: insert into Personajes_Poderes (personaje_id, poderes_id) values (?, ?)
Hibernate: insert into Poderes (nombre, id) values (?, ?)
Hibernate: delete from Poderes where id=?
Hibernate: select poder0_.id as id1_4_0_, poder0_.nombre as nombre2_4_0_ from Poderes poder0_ where poder0_.id=?
Hibernate: delete from Personajes_Poderes where personaje_id=?
Hibernate: delete from Equipamientos where id=?
Hibernate: delete from Poderes where id=?
Hibernate: delete from Personajes where id=?
Hibernate: delete from Alias where id=?
Hibernate: select personaje0_.id as id1_2_0_, personaje0_.alias_id as alias_id4_2_0_, personaje0_.genero as genero2_2_0_, personaje0_.nombre as nombre3_2_0_, alias1_.id as id1_0_1_, alias1_.descripcion as descripc2_0_1_, alias1_.personaje_id as personaj3_0_1_, personaje2_.id as id1_2_2_, personaje2_.alias_id as alias_id4_2_2_, personaje2_.genero as genero2_2_2_, personaje2_.nombre as nombre3_2_2_ from Personajes personaje0_ left outer join Alias alias1_ on personaje0_.alias_id=alias1_.id left outer join Personajes personaje2_ on alias1_.personaje_id=personaje2_.id where personaje0_.id=?
]]></system-out>
  </testcase>
  <testcase name="agregarEliminarEquipamientoTest" classname="es.ies.puerto.negocio.MarvelNegocioTest" time="0.04">
    <system-out><![CDATA[Hibernate: insert into Alias (descripcion, personaje_id, id) values (?, ?, ?)
Hibernate: insert into Personajes (alias_id, genero, nombre, id) values (?, ?, ?, ?)
Hibernate: insert into Equipamientos (descripcion, nombre, personaje_id, id) values (?, ?, ?, ?)
Hibernate: insert into Poderes (nombre, id) values (?, ?)
Hibernate: insert into Personajes_Poderes (personaje_id, poderes_id) values (?, ?)
Hibernate: select personaje_.id, personaje_.alias_id as alias_id4_2_, personaje_.genero as genero2_2_, personaje_.nombre as nombre3_2_ from Personajes personaje_ where personaje_.id=?
Hibernate: insert into Equipamientos (descripcion, nombre, personaje_id, id) values (?, ?, ?, ?)
Hibernate: delete from Equipamientos where id=?
Hibernate: select equipamien0_.id as id1_1_0_, equipamien0_.descripcion as descripc2_1_0_, equipamien0_.nombre as nombre3_1_0_, equipamien0_.personaje_id as personaj4_1_0_, personaje1_.id as id1_2_1_, personaje1_.alias_id as alias_id4_2_1_, personaje1_.genero as genero2_2_1_, personaje1_.nombre as nombre3_2_1_, alias2_.id as id1_0_2_, alias2_.descripcion as descripc2_0_2_, alias2_.personaje_id as personaj3_0_2_, personaje3_.id as id1_2_3_, personaje3_.alias_id as alias_id4_2_3_, personaje3_.genero as genero2_2_3_, personaje3_.nombre as nombre3_2_3_ from Equipamientos equipamien0_ left outer join Personajes personaje1_ on equipamien0_.personaje_id=personaje1_.id left outer join Alias alias2_ on personaje1_.alias_id=alias2_.id left outer join Personajes personaje3_ on alias2_.personaje_id=personaje3_.id where equipamien0_.id=?
Hibernate: delete from Personajes_Poderes where personaje_id=?
Hibernate: delete from Equipamientos where id=?
Hibernate: delete from Poderes where id=?
Hibernate: delete from Personajes where id=?
Hibernate: delete from Alias where id=?
Hibernate: select personaje0_.id as id1_2_0_, personaje0_.alias_id as alias_id4_2_0_, personaje0_.genero as genero2_2_0_, personaje0_.nombre as nombre3_2_0_, alias1_.id as id1_0_1_, alias1_.descripcion as descripc2_0_1_, alias1_.personaje_id as personaj3_0_1_, personaje2_.id as id1_2_2_, personaje2_.alias_id as alias_id4_2_2_, personaje2_.genero as genero2_2_2_, personaje2_.nombre as nombre3_2_2_ from Personajes personaje0_ left outer join Alias alias1_ on personaje0_.alias_id=alias1_.id left outer join Personajes personaje2_ on alias1_.personaje_id=personaje2_.id where personaje0_.id=?
]]></system-out>
  </testcase>
</testsuite>