<?xml version="1.0" encoding="UTF-8"?>
<testsuite xmlns:xsi="http://www.w3.org/2001/XMLSchema-instance" xsi:noNamespaceSchemaLocation="https://maven.apache.org/surefire/maven-surefire-plugin/xsd/surefire-test-report-3.0.xsd" version="3.0" name="es.ies.puerto.services.MarvelServiceTest" time="0.778" tests="8" errors="0" skipped="0" failures="0">
  <properties>
[...]
</properties>
  <testcase name="getPoderByIdTestNotFound" classname="es.ies.puerto.services.MarvelServiceTest" time="0.744"/>
  <testcase name="getpoderByIdTestOk" classname="es.ies.puerto.services.MarvelServiceTest" time="0.002"/>
  <testcase name="getPoderesTestNotFound" classname="es.ies.puerto.services.MarvelServiceTest" time="0.002"/>
  <testcase name="getPersonajesTestOk" classname="es.ies.puerto.services.MarvelServiceTest" time="0.001"/>
  <testcase name="getPersonajesTestNotFound" classname="es.ies.puerto.services.MarvelServiceTest" time="0.001"/>
  <testcase name="getPoderesTestOk" classname="es.ies.puerto.services.MarvelServiceTest" time="0.002"/>
  <testcase name="getPersonajeByIdTestOk" classname="es.ies.puerto.services.MarvelServiceTest" time="0.002"/>
  <testcase name="getPersonajeByIdTestNotFound" classname="es.ies.puerto.services.MarvelServiceTest" time="0.001"/>
</testsuite>