GROUP,PACKAGE,CLASS,INSTRUCTION_MISSED,INSTRUCTION_COVERED,BRANCH_MISSED,BRANCH_COVERED,LINE_MISSED,LINE_COVERED,COMPLEXITY_MISSED,COMPLEXITY_COVERED,METHOD_MISSED,METHOD_COVERED
tarea1,es.ies.puerto.config,AppConfig,3,24,0,0,2,7,0,2,0,2
tarea1,es.ies.puerto.modelo.db,CrudDb,50,251,10,18,14,75,10,16,0,12
tarea1,es.ies.puerto.modelo.db,Conexion,16,28,1,3,4,10,1,4,0,3
tarea1,es.ies.puerto.modelo.impl,Personaje,17,102,3,3,8,28,4,13,1,13
tarea1,es.ies.puerto.excepcion,UsuarioException,5,0,0,0,2,0,1,0,1,0
