GROUP,PACKAGE,CLASS,INSTRUCTION_MISSED,INSTRUCTION_COVERED,BRANCH_MISSED,BRANCH_COVERED,LINE_MISSED,LINE_COVERED,COMPLEXITY_MISSED,COMPLEXITY_COVERED,METHOD_MISSED,METHOD_COVERED
tarea1,es.ies.puerto.config,AppConfig,7,24,0,0,4,7,1,2,1,2
tarea1,es.ies.puerto.modelo.db,CrudDb,64,183,10,14,18,56,11,10,1,8
tarea1,es.ies.puerto.modelo.db,Conexion,16,28,1,3,4,10,1,4,0,3
tarea1,es.ies.puerto.modelo.impl,Personaje,40,83,3,3,19,19,10,8,7,8
tarea1,es.ies.puerto.excepcion,UsuarioException,5,0,0,0,2,0,1,0,1,0
