<?xml version="1.0" encoding="UTF-8"?>
<testsuite xmlns:xsi="http://www.w3.org/2001/XMLSchema-instance" xsi:noNamespaceSchemaLocation="https://maven.apache.org/surefire/maven-surefire-plugin/xsd/surefire-test-report.xsd" name="es.ies.puerto.modelo.db.ConexionTest" time="0.119" tests="2" errors="0" skipped="0" failures="1">
  <properties>
[...]
</properties>
  <testcase name="ConexionNotNull" classname="es.ies.puerto.modelo.db.ConexionTest" time="0.044"/>
  <testcase name="conectarTest" classname="es.ies.puerto.modelo.db.ConexionTest" time="0.065">
    <failure message="No se ha podido establecer la conexiom" type="org.opentest4j.AssertionFailedError">org.opentest4j.AssertionFailedError: No se ha podido establecer la conexiom
	at es.ies.puerto.modelo.db.ConexionTest.conectarTest(ConexionTest.java:26)
</failure>
    <system-out><![CDATA[No suitable driver found for src/main/resources/usuarios.db
]]></system-out>
    <system-err><![CDATA[SLF4J: Failed to load class "org.slf4j.impl.StaticLoggerBinder".
SLF4J: Defaulting to no-operation (NOP) logger implementation
SLF4J: See http://www.slf4j.org/codes.html#StaticLoggerBinder for further details.
]]></system-err>
  </testcase>
</testsuite>