-------------------------------------------------------------------------------
Test set: es.ies.puerto.mappers.IMapperEquipamientoTest
-------------------------------------------------------------------------------
Tests run: 2, Failures: 0, Errors: 2, Skipped: 0, Time elapsed: 0.016 s <<< FAILURE! - in es.ies.puerto.mappers.IMapperEquipamientoTest
es.ies.puerto.mappers.IMapperEquipamientoTest.equipamientoTOEquipamientoDTOTest  Time elapsed: 0.006 s  <<< ERROR!
java.lang.StackOverflowError

es.ies.puerto.mappers.IMapperEquipamientoTest.equipamientoDTOTOEquipamientoTest  Time elapsed: 0.004 s  <<< ERROR!
java.lang.StackOverflowError

