<?xml version="1.0" encoding="UTF-8"?>
<testsuite xmlns:xsi="http://www.w3.org/2001/XMLSchema-instance" xsi:noNamespaceSchemaLocation="https://maven.apache.org/surefire/maven-surefire-plugin/xsd/surefire-test-report.xsd" name="es.ies.puerto.modelo.db.HibernateTest" time="4.127" tests="2" errors="2" skipped="0" failures="0">
  <properties>
[...]
</properties>
  <testcase name="obtenerPersonajes" classname="es.ies.puerto.modelo.db.HibernateTest" time="3.906">
    <error message="[PersistenceUnit: sqlite-jpa] Unable to build Hibernate SessionFactory" type="javax.persistence.PersistenceException">javax.persistence.PersistenceException: [PersistenceUnit: sqlite-jpa] Unable to build Hibernate SessionFactory
	at es.ies.puerto.modelo.db.HibernateTest.beforeEach(HibernateTest.java:17)
Caused by: org.hibernate.MappingException: org.hibernate.dialect.identity.IdentityColumnSupportImpl does not support identity key generation
	at es.ies.puerto.modelo.db.HibernateTest.beforeEach(HibernateTest.java:17)
</error>
    <system-out><![CDATA[15:17:00,650 DEBUG logging:152 - Logging Provider: org.jboss.logging.Log4j2LoggerProvider
15:17:00,658 TRACE HibernatePersistenceProvider:49 - Starting createEntityManagerFactory for persistenceUnitName sqlite-jpa
15:17:00,658 TRACE HibernatePersistenceProvider:76 - Attempting to obtain correct EntityManagerFactoryBuilder for persistenceUnitName : sqlite-jpa
15:17:00,705 TRACE PersistenceXmlParser:246 - Attempting to parse persistence.xml file : file:/home/jonaykb/Repositorios/pro/unidad-7/tareas/tareaMarvel%20JPA/target/classes/META-INF/persistence.xml
15:17:00,805 TRACE ArchiveHelper:96 - JAR URL from URL Entry: file:/home/jonaykb/Repositorios/pro/unidad-7/tareas/tareaMarvel%20JPA/target/classes/META-INF/persistence.xml >> file:/home/jonaykb/Repositorios/pro/unidad-7/tareas/tareaMarvel%20JPA/target/classes
15:17:00,809 TRACE PersistenceXmlParser:322 - Persistence unit name from persistence.xml : sqlite-jpa
15:17:00,811 DEBUG HibernatePersistenceProvider:88 - Located and parsed 1 persistence units; checking each
15:17:00,812 DEBUG HibernatePersistenceProvider:96 - Checking persistence-unit [name=sqlite-jpa, explicit-provider=org.hibernate.jpa.HibernatePersistenceProvider] against incoming persistence unit name [sqlite-jpa]
15:17:00,814 DEBUG ProviderChecker:86 - Persistence-unit [sqlite-jpa] requested PersistenceProvider [org.hibernate.jpa.HibernatePersistenceProvider]
15:17:00,814 TRACE ProviderChecker:51 - Checking requested PersistenceProvider name [org.hibernate.jpa.HibernatePersistenceProvider] against Hibernate provider names
15:17:00,825 DEBUG LogHelper:102 - PersistenceUnitInfo [
	name: sqlite-jpa
	persistence provider classname: org.hibernate.jpa.HibernatePersistenceProvider
	classloader: null
	excludeUnlistedClasses: false
	JTA datasource: null
	Non JTA datasource: null
	Transaction type: RESOURCE_LOCAL
	PU root URL: file:/home/jonaykb/Repositorios/pro/unidad-7/tareas/tareaMarvel%20JPA/target/classes
	Shared Cache Mode: null
	Validation Mode: null
	Jar files URLs []
	Managed classes names []
	Mapping files names []
	Properties [
		javax.persistence.jdbc.driver: org.sqlite.JDBC
		hibernate.dialect: es.ies.puerto.modelo.db.SQLiteDialect
		javax.persistence.jdbc.url: jdbc:sqlite:src/main/resources/personajes.db
		hibernate.show_sql: true
		hibernate.hbm2ddl.auto: update
		hibernate.format_sql: false]
15:17:00,834 DEBUG IntegratorServiceImpl:46 - Adding Integrator [org.hibernate.cfg.beanvalidation.BeanValidationIntegrator].
15:17:00,839 DEBUG IntegratorServiceImpl:46 - Adding Integrator [org.hibernate.secure.spi.JaccIntegrator].
15:17:00,846 DEBUG IntegratorServiceImpl:46 - Adding Integrator [org.hibernate.cache.internal.CollectionCacheInvalidator].
15:17:00,871 TRACE StrategySelectorImpl:85 - Registering named strategy selector [org.hibernate.resource.transaction.spi.TransactionCoordinatorBuilder] : [jdbc] -> [org.hibernate.resource.transaction.backend.jdbc.internal.JdbcResourceLocalTransactionCoordinatorBuilderImpl]
15:17:00,873 TRACE StrategySelectorImpl:85 - Registering named strategy selector [org.hibernate.resource.transaction.spi.TransactionCoordinatorBuilder] : [jta] -> [org.hibernate.resource.transaction.backend.jta.internal.JtaTransactionCoordinatorBuilderImpl]
15:17:00,874 TRACE StrategySelectorImpl:85 - Registering named strategy selector [org.hibernate.resource.transaction.spi.TransactionCoordinatorBuilder] : [org.hibernate.transaction.JDBCTransactionFactory] -> [org.hibernate.resource.transaction.backend.jdbc.internal.JdbcResourceLocalTransactionCoordinatorBuilderImpl]
15:17:00,875 TRACE StrategySelectorImpl:85 - Registering named strategy selector [org.hibernate.resource.transaction.spi.TransactionCoordinatorBuilder] : [org.hibernate.transaction.JTATransactionFactory] -> [org.hibernate.resource.transaction.backend.jta.internal.JtaTransactionCoordinatorBuilderImpl]
15:17:00,877 TRACE StrategySelectorImpl:85 - Registering named strategy selector [org.hibernate.resource.transaction.spi.TransactionCoordinatorBuilder] : [org.hibernate.transaction.CMTTransactionFactory] -> [org.hibernate.resource.transaction.backend.jta.internal.JtaTransactionCoordinatorBuilderImpl]
15:17:00,883 TRACE StrategySelectorImpl:85 - Registering named strategy selector [org.hibernate.hql.spi.id.MultiTableBulkIdStrategy] : [persistent] -> [org.hibernate.hql.spi.id.persistent.PersistentTableBulkIdStrategy]
15:17:00,886 TRACE StrategySelectorImpl:85 - Registering named strategy selector [org.hibernate.hql.spi.id.MultiTableBulkIdStrategy] : [global_temporary] -> [org.hibernate.hql.spi.id.global.GlobalTemporaryTableBulkIdStrategy]
15:17:00,889 TRACE StrategySelectorImpl:85 - Registering named strategy selector [org.hibernate.hql.spi.id.MultiTableBulkIdStrategy] : [local_temporary] -> [org.hibernate.hql.spi.id.local.LocalTemporaryTableBulkIdStrategy]
15:17:00,894 TRACE StrategySelectorImpl:85 - Registering named strategy selector [org.hibernate.boot.model.naming.ImplicitNamingStrategy] : [default] -> [org.hibernate.boot.model.naming.ImplicitNamingStrategyJpaCompliantImpl]
15:17:00,895 TRACE StrategySelectorImpl:85 - Registering named strategy selector [org.hibernate.boot.model.naming.ImplicitNamingStrategy] : [jpa] -> [org.hibernate.boot.model.naming.ImplicitNamingStrategyJpaCompliantImpl]
15:17:00,899 TRACE StrategySelectorImpl:85 - Registering named strategy selector [org.hibernate.boot.model.naming.ImplicitNamingStrategy] : [legacy-jpa] -> [org.hibernate.boot.model.naming.ImplicitNamingStrategyLegacyJpaImpl]
15:17:00,903 TRACE StrategySelectorImpl:85 - Registering named strategy selector [org.hibernate.boot.model.naming.ImplicitNamingStrategy] : [legacy-hbm] -> [org.hibernate.boot.model.naming.ImplicitNamingStrategyLegacyHbmImpl]
15:17:00,905 TRACE StrategySelectorImpl:85 - Registering named strategy selector [org.hibernate.boot.model.naming.ImplicitNamingStrategy] : [component-path] -> [org.hibernate.boot.model.naming.ImplicitNamingStrategyComponentPathImpl]
15:17:00,906 TRACE StrategySelectorImpl:85 - Registering named strategy selector [org.hibernate.cache.spi.CacheKeysFactory] : [default] -> [org.hibernate.cache.internal.DefaultCacheKeysFactory]
15:17:00,908 TRACE StrategySelectorImpl:85 - Registering named strategy selector [org.hibernate.cache.spi.CacheKeysFactory] : [simple] -> [org.hibernate.cache.internal.SimpleCacheKeysFactory]
15:17:00,986  INFO Version:44 - HHH000412: Hibernate ORM core version 5.4.24.Final
15:17:00,995 DEBUG Environment:199 - HHH000206: hibernate.properties not found
15:17:01,228 DEBUG ServiceBinding:68 - Overriding existing service binding [org.hibernate.secure.spi.JaccService]
15:17:01,244 TRACE AbstractServiceRegistryImpl:233 - Initializing service [role=org.hibernate.engine.config.spi.ConfigurationService]
15:17:01,254 TRACE AbstractServiceRegistryImpl:233 - Initializing service [role=org.hibernate.cache.spi.RegionFactory]
15:17:01,257 DEBUG RegionFactoryInitiator:118 - Cannot default RegionFactory based on registered strategies as `[]` RegionFactory strategies were registered
15:17:01,259 DEBUG RegionFactoryInitiator:49 - Cache region factory : org.hibernate.cache.internal.NoCachingRegionFactory
15:17:01,295  INFO Version:56 - HCANN000001: Hibernate Commons Annotations {5.1.2.Final}
15:17:01,376 DEBUG BasicTypeRegistry:157 - Adding type registration boolean -> org.hibernate.type.BooleanType@4f96e484
15:17:01,377 DEBUG BasicTypeRegistry:157 - Adding type registration boolean -> org.hibernate.type.BooleanType@4f96e484
15:17:01,378 DEBUG BasicTypeRegistry:157 - Adding type registration java.lang.Boolean -> org.hibernate.type.BooleanType@4f96e484
15:17:01,380 DEBUG BasicTypeRegistry:157 - Adding type registration numeric_boolean -> org.hibernate.type.NumericBooleanType@789d45f7
15:17:01,384 DEBUG BasicTypeRegistry:157 - Adding type registration true_false -> org.hibernate.type.TrueFalseType@5d72da0b
15:17:01,387 DEBUG BasicTypeRegistry:157 - Adding type registration yes_no -> org.hibernate.type.YesNoType@3c89fdd8
15:17:01,392 DEBUG BasicTypeRegistry:157 - Adding type registration byte -> org.hibernate.type.ByteType@4400026
15:17:01,394 DEBUG BasicTypeRegistry:157 - Adding type registration byte -> org.hibernate.type.ByteType@4400026
15:17:01,395 DEBUG BasicTypeRegistry:157 - Adding type registration java.lang.Byte -> org.hibernate.type.ByteType@4400026
15:17:01,398 DEBUG BasicTypeRegistry:157 - Adding type registration character -> org.hibernate.type.CharacterType@333e01c6
15:17:01,401 DEBUG BasicTypeRegistry:157 - Adding type registration char -> org.hibernate.type.CharacterType@333e01c6
15:17:01,405 DEBUG BasicTypeRegistry:157 - Adding type registration java.lang.Character -> org.hibernate.type.CharacterType@333e01c6
15:17:01,410 DEBUG BasicTypeRegistry:157 - Adding type registration short -> org.hibernate.type.ShortType@157a2c86
15:17:01,411 DEBUG BasicTypeRegistry:157 - Adding type registration short -> org.hibernate.type.ShortType@157a2c86
15:17:01,411 DEBUG BasicTypeRegistry:157 - Adding type registration java.lang.Short -> org.hibernate.type.ShortType@157a2c86
15:17:01,413 DEBUG BasicTypeRegistry:157 - Adding type registration integer -> org.hibernate.type.IntegerType@33319df0
15:17:01,414 DEBUG BasicTypeRegistry:157 - Adding type registration int -> org.hibernate.type.IntegerType@33319df0
15:17:01,415 DEBUG BasicTypeRegistry:157 - Adding type registration java.lang.Integer -> org.hibernate.type.IntegerType@33319df0
15:17:01,417 DEBUG BasicTypeRegistry:157 - Adding type registration long -> org.hibernate.type.LongType@7fecc26f
15:17:01,419 DEBUG BasicTypeRegistry:157 - Adding type registration long -> org.hibernate.type.LongType@7fecc26f
15:17:01,421 DEBUG BasicTypeRegistry:157 - Adding type registration java.lang.Long -> org.hibernate.type.LongType@7fecc26f
15:17:01,424 DEBUG BasicTypeRegistry:157 - Adding type registration float -> org.hibernate.type.FloatType@773ad729
15:17:01,429 DEBUG BasicTypeRegistry:157 - Adding type registration float -> org.hibernate.type.FloatType@773ad729
15:17:01,431 DEBUG BasicTypeRegistry:157 - Adding type registration java.lang.Float -> org.hibernate.type.FloatType@773ad729
15:17:01,434 DEBUG BasicTypeRegistry:157 - Adding type registration double -> org.hibernate.type.DoubleType@2735a7dc
15:17:01,435 DEBUG BasicTypeRegistry:157 - Adding type registration double -> org.hibernate.type.DoubleType@2735a7dc
15:17:01,435 DEBUG BasicTypeRegistry:157 - Adding type registration java.lang.Double -> org.hibernate.type.DoubleType@2735a7dc
15:17:01,439 DEBUG BasicTypeRegistry:157 - Adding type registration big_decimal -> org.hibernate.type.BigDecimalType@6391d34f
15:17:01,442 DEBUG BasicTypeRegistry:157 - Adding type registration java.math.BigDecimal -> org.hibernate.type.BigDecimalType@6391d34f
15:17:01,445 DEBUG BasicTypeRegistry:157 - Adding type registration big_integer -> org.hibernate.type.BigIntegerType@77c1a7ce
15:17:01,445 DEBUG BasicTypeRegistry:157 - Adding type registration java.math.BigInteger -> org.hibernate.type.BigIntegerType@77c1a7ce
15:17:01,450 DEBUG BasicTypeRegistry:157 - Adding type registration string -> org.hibernate.type.StringType@4667c6d9
15:17:01,451 DEBUG BasicTypeRegistry:157 - Adding type registration java.lang.String -> org.hibernate.type.StringType@4667c6d9
15:17:01,461 DEBUG BasicTypeRegistry:157 - Adding type registration nstring -> org.hibernate.type.StringNVarcharType@100d071
15:17:01,463 DEBUG BasicTypeRegistry:157 - Adding type registration ncharacter -> org.hibernate.type.CharacterNCharType@705ebb4d
15:17:01,465 DEBUG BasicTypeRegistry:157 - Adding type registration url -> org.hibernate.type.UrlType@43e6f05f
15:17:01,465 DEBUG BasicTypeRegistry:157 - Adding type registration java.net.URL -> org.hibernate.type.UrlType@43e6f05f
15:17:01,468 DEBUG BasicTypeRegistry:157 - Adding type registration Duration -> org.hibernate.type.DurationType@5e1535e0
15:17:01,469 DEBUG BasicTypeRegistry:157 - Adding type registration java.time.Duration -> org.hibernate.type.DurationType@5e1535e0
15:17:01,475 DEBUG BasicTypeRegistry:157 - Adding type registration Instant -> org.hibernate.type.InstantType@7b23aea2
15:17:01,477 DEBUG BasicTypeRegistry:157 - Adding type registration java.time.Instant -> org.hibernate.type.InstantType@7b23aea2
15:17:01,483 DEBUG BasicTypeRegistry:157 - Adding type registration LocalDateTime -> org.hibernate.type.LocalDateTimeType@27ea7c8f
15:17:01,484 DEBUG BasicTypeRegistry:157 - Adding type registration java.time.LocalDateTime -> org.hibernate.type.LocalDateTimeType@27ea7c8f
15:17:01,489 DEBUG BasicTypeRegistry:157 - Adding type registration LocalDate -> org.hibernate.type.LocalDateType@515b7335
15:17:01,489 DEBUG BasicTypeRegistry:157 - Adding type registration java.time.LocalDate -> org.hibernate.type.LocalDateType@515b7335
15:17:01,493 DEBUG BasicTypeRegistry:157 - Adding type registration LocalTime -> org.hibernate.type.LocalTimeType@7927209f
15:17:01,494 DEBUG BasicTypeRegistry:157 - Adding type registration java.time.LocalTime -> org.hibernate.type.LocalTimeType@7927209f
15:17:01,500 DEBUG BasicTypeRegistry:157 - Adding type registration OffsetDateTime -> org.hibernate.type.OffsetDateTimeType@7040d71
15:17:01,502 DEBUG BasicTypeRegistry:157 - Adding type registration java.time.OffsetDateTime -> org.hibernate.type.OffsetDateTimeType@7040d71
15:17:01,506 DEBUG BasicTypeRegistry:157 - Adding type registration OffsetTime -> org.hibernate.type.OffsetTimeType@25f67aea
15:17:01,508 DEBUG BasicTypeRegistry:157 - Adding type registration java.time.OffsetTime -> org.hibernate.type.OffsetTimeType@25f67aea
15:17:01,511 DEBUG BasicTypeRegistry:157 - Adding type registration ZonedDateTime -> org.hibernate.type.ZonedDateTimeType@3a3375d8
15:17:01,512 DEBUG BasicTypeRegistry:157 - Adding type registration java.time.ZonedDateTime -> org.hibernate.type.ZonedDateTimeType@3a3375d8
15:17:01,516 DEBUG BasicTypeRegistry:157 - Adding type registration date -> org.hibernate.type.DateType@552b7481
15:17:01,523 DEBUG BasicTypeRegistry:157 - Adding type registration java.sql.Date -> org.hibernate.type.DateType@552b7481
15:17:01,529 DEBUG BasicTypeRegistry:157 - Adding type registration time -> org.hibernate.type.TimeType@738ed8d3
15:17:01,531 DEBUG BasicTypeRegistry:157 - Adding type registration java.sql.Time -> org.hibernate.type.TimeType@738ed8d3
15:17:01,537 DEBUG BasicTypeRegistry:157 - Adding type registration timestamp -> org.hibernate.type.TimestampType@1899c7ae
15:17:01,537 DEBUG BasicTypeRegistry:157 - Adding type registration java.sql.Timestamp -> org.hibernate.type.TimestampType@1899c7ae
15:17:01,539 DEBUG BasicTypeRegistry:157 - Adding type registration java.util.Date -> org.hibernate.type.TimestampType@1899c7ae
15:17:01,542 DEBUG BasicTypeRegistry:157 - Adding type registration dbtimestamp -> org.hibernate.type.DbTimestampType@124b8fe9
15:17:01,545 DEBUG BasicTypeRegistry:157 - Adding type registration calendar -> org.hibernate.type.CalendarType@6dcb4f30
15:17:01,546 DEBUG BasicTypeRegistry:157 - Adding type registration java.util.Calendar -> org.hibernate.type.CalendarType@6dcb4f30
15:17:01,547 DEBUG BasicTypeRegistry:157 - Adding type registration java.util.GregorianCalendar -> org.hibernate.type.CalendarType@6dcb4f30
15:17:01,552 DEBUG BasicTypeRegistry:157 - Adding type registration calendar_date -> org.hibernate.type.CalendarDateType@71ae1cb
15:17:01,555 DEBUG BasicTypeRegistry:157 - Adding type registration calendar_time -> org.hibernate.type.CalendarTimeType@63e0c744
15:17:01,558 DEBUG BasicTypeRegistry:157 - Adding type registration locale -> org.hibernate.type.LocaleType@39ff4421
15:17:01,559 DEBUG BasicTypeRegistry:157 - Adding type registration java.util.Locale -> org.hibernate.type.LocaleType@39ff4421
15:17:01,562 DEBUG BasicTypeRegistry:157 - Adding type registration currency -> org.hibernate.type.CurrencyType@4f378d7e
15:17:01,563 DEBUG BasicTypeRegistry:157 - Adding type registration java.util.Currency -> org.hibernate.type.CurrencyType@4f378d7e
15:17:01,567 DEBUG BasicTypeRegistry:157 - Adding type registration timezone -> org.hibernate.type.TimeZoneType@78e386a5
15:17:01,567 DEBUG BasicTypeRegistry:157 - Adding type registration java.util.TimeZone -> org.hibernate.type.TimeZoneType@78e386a5
15:17:01,572 DEBUG BasicTypeRegistry:157 - Adding type registration class -> org.hibernate.type.ClassType@27f43664
15:17:01,573 DEBUG BasicTypeRegistry:157 - Adding type registration java.lang.Class -> org.hibernate.type.ClassType@27f43664
15:17:01,576 DEBUG BasicTypeRegistry:157 - Adding type registration uuid-binary -> org.hibernate.type.UUIDBinaryType@4c0989f7
15:17:01,578 DEBUG BasicTypeRegistry:157 - Adding type registration java.util.UUID -> org.hibernate.type.UUIDBinaryType@4c0989f7
15:17:01,581 DEBUG BasicTypeRegistry:157 - Adding type registration uuid-char -> org.hibernate.type.UUIDCharType@396a4dea
15:17:01,584 DEBUG BasicTypeRegistry:157 - Adding type registration binary -> org.hibernate.type.BinaryType@7bb996e0
15:17:01,585 DEBUG BasicTypeRegistry:157 - Adding type registration byte[] -> org.hibernate.type.BinaryType@7bb996e0
15:17:01,586 DEBUG BasicTypeRegistry:157 - Adding type registration [B -> org.hibernate.type.BinaryType@7bb996e0
15:17:01,591 DEBUG BasicTypeRegistry:157 - Adding type registration wrapper-binary -> org.hibernate.type.WrapperBinaryType@454f6cc5
15:17:01,591 DEBUG BasicTypeRegistry:157 - Adding type registration Byte[] -> org.hibernate.type.WrapperBinaryType@454f6cc5
15:17:01,593 DEBUG BasicTypeRegistry:157 - Adding type registration [Ljava.lang.Byte; -> org.hibernate.type.WrapperBinaryType@454f6cc5
15:17:01,598 DEBUG BasicTypeRegistry:157 - Adding type registration row_version -> org.hibernate.type.RowVersionType@2fad50f2
15:17:01,600 DEBUG BasicTypeRegistry:157 - Adding type registration image -> org.hibernate.type.ImageType@8b727cb
15:17:01,603 DEBUG BasicTypeRegistry:157 - Adding type registration characters -> org.hibernate.type.CharArrayType@7aff1db3
15:17:01,605 DEBUG BasicTypeRegistry:157 - Adding type registration char[] -> org.hibernate.type.CharArrayType@7aff1db3
15:17:01,606 DEBUG BasicTypeRegistry:157 - Adding type registration [C -> org.hibernate.type.CharArrayType@7aff1db3
15:17:01,610 DEBUG BasicTypeRegistry:157 - Adding type registration wrapper-characters -> org.hibernate.type.CharacterArrayType@67e12e28
15:17:01,614 DEBUG BasicTypeRegistry:157 - Adding type registration [Ljava.lang.Character; -> org.hibernate.type.CharacterArrayType@67e12e28
15:17:01,617 DEBUG BasicTypeRegistry:157 - Adding type registration Character[] -> org.hibernate.type.CharacterArrayType@67e12e28
15:17:01,621 DEBUG BasicTypeRegistry:157 - Adding type registration text -> org.hibernate.type.TextType@497cf31a
15:17:01,623 DEBUG BasicTypeRegistry:157 - Adding type registration ntext -> org.hibernate.type.NTextType@62f63625
15:17:01,630 DEBUG BasicTypeRegistry:157 - Adding type registration blob -> org.hibernate.type.BlobType@38816a6c
15:17:01,631 DEBUG BasicTypeRegistry:157 - Adding type registration java.sql.Blob -> org.hibernate.type.BlobType@38816a6c
15:17:01,632 DEBUG BasicTypeRegistry:157 - Adding type registration materialized_blob -> org.hibernate.type.MaterializedBlobType@2c914364
15:17:01,636 DEBUG BasicTypeRegistry:157 - Adding type registration clob -> org.hibernate.type.ClobType@48900d4a
15:17:01,637 DEBUG BasicTypeRegistry:157 - Adding type registration java.sql.Clob -> org.hibernate.type.ClobType@48900d4a
15:17:01,642 DEBUG BasicTypeRegistry:157 - Adding type registration nclob -> org.hibernate.type.NClobType@7aecff85
15:17:01,643 DEBUG BasicTypeRegistry:157 - Adding type registration java.sql.NClob -> org.hibernate.type.NClobType@7aecff85
15:17:01,644 DEBUG BasicTypeRegistry:157 - Adding type registration materialized_clob -> org.hibernate.type.MaterializedClobType@4dd28982
15:17:01,646 DEBUG BasicTypeRegistry:157 - Adding type registration materialized_nclob -> org.hibernate.type.MaterializedNClobType@49a0fe14
15:17:01,651 DEBUG BasicTypeRegistry:157 - Adding type registration serializable -> org.hibernate.type.SerializableType@5350a926
15:17:01,673 DEBUG BasicTypeRegistry:157 - Adding type registration object -> org.hibernate.type.ObjectType@11b234aa
15:17:01,675 DEBUG BasicTypeRegistry:157 - Adding type registration java.lang.Object -> org.hibernate.type.ObjectType@11b234aa
15:17:01,677 DEBUG BasicTypeRegistry:157 - Adding type registration imm_date -> org.hibernate.type.AdaptedImmutableType@6d21a69f
15:17:01,678 DEBUG BasicTypeRegistry:157 - Adding type registration imm_time -> org.hibernate.type.AdaptedImmutableType@10b063fd
15:17:01,679 DEBUG BasicTypeRegistry:157 - Adding type registration imm_timestamp -> org.hibernate.type.AdaptedImmutableType@48e859f7
15:17:01,679 DEBUG BasicTypeRegistry:157 - Adding type registration imm_dbtimestamp -> org.hibernate.type.AdaptedImmutableType@2bd67cf9
15:17:01,679 DEBUG BasicTypeRegistry:157 - Adding type registration imm_calendar -> org.hibernate.type.AdaptedImmutableType@4ba32242
15:17:01,679 DEBUG BasicTypeRegistry:157 - Adding type registration imm_calendar_date -> org.hibernate.type.AdaptedImmutableType@581f1f40
15:17:01,679 DEBUG BasicTypeRegistry:157 - Adding type registration imm_binary -> org.hibernate.type.AdaptedImmutableType@52b2c255
15:17:01,679 DEBUG BasicTypeRegistry:157 - Adding type registration imm_serializable -> org.hibernate.type.AdaptedImmutableType@4a9b4d4e
15:17:01,719 TRACE AbstractServiceRegistryImpl:233 - Initializing service [role=org.hibernate.boot.cfgxml.spi.CfgXmlAccessService]
15:17:01,724 DEBUG BootstrapContextImpl:269 - Injecting ScanEnvironment [org.hibernate.jpa.boot.internal.StandardJpaScanEnvironmentImpl@2eef43f5] into BootstrapContext; was [null]
15:17:01,725 DEBUG BootstrapContextImpl:264 - Injecting ScanOptions [org.hibernate.boot.archive.scan.internal.StandardScanOptions@2c10f9f3] into BootstrapContext; was [org.hibernate.boot.archive.scan.internal.StandardScanOptions@6c65a7fc]
15:17:01,842 DEBUG BootstrapContextImpl:259 - Injecting JPA temp ClassLoader [null] into BootstrapContext; was [null]
15:17:01,842 DEBUG ClassLoaderAccessImpl:45 - ClassLoaderAccessImpl#injectTempClassLoader(null) [was null]
15:17:01,862 TRACE AbstractServiceRegistryImpl:233 - Initializing service [role=org.hibernate.id.factory.spi.MutableIdentifierGeneratorFactory]
15:17:01,866 DEBUG DefaultIdentifierGeneratorFactory:81 - Registering IdentifierGenerator strategy [uuid2] -> [org.hibernate.id.UUIDGenerator]
15:17:01,867 DEBUG DefaultIdentifierGeneratorFactory:81 - Registering IdentifierGenerator strategy [guid] -> [org.hibernate.id.GUIDGenerator]
15:17:01,873 DEBUG DefaultIdentifierGeneratorFactory:81 - Registering IdentifierGenerator strategy [uuid] -> [org.hibernate.id.UUIDHexGenerator]
15:17:01,874 DEBUG DefaultIdentifierGeneratorFactory:81 - Registering IdentifierGenerator strategy [uuid.hex] -> [org.hibernate.id.UUIDHexGenerator]
15:17:01,876 DEBUG DefaultIdentifierGeneratorFactory:81 - Registering IdentifierGenerator strategy [assigned] -> [org.hibernate.id.Assigned]
15:17:01,879 DEBUG DefaultIdentifierGeneratorFactory:81 - Registering IdentifierGenerator strategy [identity] -> [org.hibernate.id.IdentityGenerator]
15:17:01,880 DEBUG DefaultIdentifierGeneratorFactory:81 - Registering IdentifierGenerator strategy [select] -> [org.hibernate.id.SelectGenerator]
15:17:01,884 DEBUG DefaultIdentifierGeneratorFactory:81 - Registering IdentifierGenerator strategy [sequence] -> [org.hibernate.id.enhanced.SequenceStyleGenerator]
15:17:01,887 DEBUG DefaultIdentifierGeneratorFactory:81 - Registering IdentifierGenerator strategy [seqhilo] -> [org.hibernate.id.SequenceHiLoGenerator]
15:17:01,889 DEBUG DefaultIdentifierGeneratorFactory:81 - Registering IdentifierGenerator strategy [increment] -> [org.hibernate.id.IncrementGenerator]
15:17:01,890 DEBUG DefaultIdentifierGeneratorFactory:81 - Registering IdentifierGenerator strategy [foreign] -> [org.hibernate.id.ForeignGenerator]
15:17:01,891 DEBUG DefaultIdentifierGeneratorFactory:81 - Registering IdentifierGenerator strategy [sequence-identity] -> [org.hibernate.id.SequenceIdentityGenerator]
15:17:01,892 DEBUG DefaultIdentifierGeneratorFactory:81 - Registering IdentifierGenerator strategy [enhanced-sequence] -> [org.hibernate.id.enhanced.SequenceStyleGenerator]
15:17:01,895 DEBUG DefaultIdentifierGeneratorFactory:81 - Registering IdentifierGenerator strategy [enhanced-table] -> [org.hibernate.id.enhanced.TableGenerator]
15:17:01,896 TRACE AbstractServiceRegistryImpl:233 - Initializing service [role=org.hibernate.engine.jdbc.env.spi.JdbcEnvironment]
15:17:01,896 TRACE AbstractServiceRegistryImpl:233 - Initializing service [role=org.hibernate.engine.jdbc.dialect.spi.DialectFactory]
15:17:01,898 TRACE AbstractServiceRegistryImpl:233 - Initializing service [role=org.hibernate.engine.jdbc.dialect.spi.DialectResolver]
15:17:01,901 TRACE AbstractServiceRegistryImpl:233 - Initializing service [role=org.hibernate.engine.jdbc.connections.spi.ConnectionProvider]
15:17:01,909  WARN pooling:72 - HHH10001002: Using Hibernate built-in connection pool (not for production use!)
15:17:01,911  INFO pooling:115 - HHH10001005: using driver [org.sqlite.JDBC] at URL [jdbc:sqlite:src/main/resources/personajes.db]
15:17:01,912  INFO pooling:121 - HHH10001001: Connection properties: {}
15:17:01,912  INFO pooling:129 - HHH10001003: Autocommit mode: false
15:17:01,916 DEBUG DriverManagerConnectionProviderImpl:384 - Initializing Connection pool with 1 Connections
15:17:01,916  INFO DriverManagerConnectionProviderImpl:259 - HHH000115: Hibernate connection pool size: 20 (min=1)
15:17:01,928 DEBUG JdbcEnvironmentInitiator:72 - Database ->
       name : SQLite
    version : 3.45.2
      major : 3
      minor : 45
15:17:01,928 DEBUG JdbcEnvironmentInitiator:83 - Driver ->
       name : SQLite JDBC
    version : 3.45.2.0
      major : 3
      minor : 45
15:17:01,929 DEBUG JdbcEnvironmentInitiator:389 - JDBC version : 4.2
15:17:01,957  INFO Dialect:175 - HHH000400: Using dialect: es.ies.puerto.modelo.db.SQLiteDialect
15:17:01,991 DEBUG IdentifierHelperBuilder:110 - JDBC driver metadata reported database stores quoted identifiers in neither upper, lower nor mixed case
15:17:01,998 DEBUG IdentifierHelperBuilder:189 - IdentifierCaseStrategy for both quoted and unquoted identifiers was set to the same strategy [MIXED]; that will likely lead to problems in schema update and validation if using quoted identifiers
15:17:02,054 TRACE NormalizingIdentifierHelperImpl:59 - Normalizing identifier quoting [null]
15:17:02,055 TRACE NormalizingIdentifierHelperImpl:59 - Normalizing identifier quoting [null]
15:17:02,063 DEBUG LobCreatorBuilderImpl:132 - HHH000424: Disabling contextual LOB creation as createClob() method threw error : java.lang.reflect.InvocationTargetException
15:17:02,069 TRACE AbstractServiceRegistryImpl:233 - Initializing service [role=org.hibernate.engine.jdbc.spi.JdbcServices]
15:17:02,076 DEBUG Namespace:51 - Created database namespace [logicalName=Name{catalog=null, schema=null}, physicalName=Name{catalog=null, schema=null}]
15:17:02,084 DEBUG TypeConfiguration$Scope:152 - Scoping TypeConfiguration [org.hibernate.type.spi.TypeConfiguration@9c88323] to MetadataBuildingContext [org.hibernate.boot.internal.MetadataBuildingContextRootImpl@6d4bdb75]
15:17:02,217 DEBUG AnnotationBinder:558 - Binding entity from annotated class: es.ies.puerto.modelo.impl.Alias
15:17:02,256 TRACE NormalizingIdentifierHelperImpl:59 - Normalizing identifier quoting [DTYPE]
15:17:02,256 DEBUG Ejb3Column:213 - Binding column: Ejb3DiscriminatorColumn{logicalColumnName'DTYPE', discriminatorTypeName='string'}
15:17:02,263 DEBUG EntityBinder:430 - Import with entity name Alias
15:17:02,264 TRACE InFlightMetadataCollectorImpl:725 - Import: Alias -> es.ies.puerto.modelo.impl.Alias
15:17:02,264 TRACE InFlightMetadataCollectorImpl:725 - Import: es.ies.puerto.modelo.impl.Alias -> es.ies.puerto.modelo.impl.Alias
15:17:02,266 TRACE NormalizingIdentifierHelperImpl:59 - Normalizing identifier quoting [Alias]
15:17:02,266 TRACE NormalizingIdentifierHelperImpl:59 - Normalizing identifier quoting [Alias]
15:17:02,270 DEBUG EntityBinder:873 - Bind entity es.ies.puerto.modelo.impl.Alias on table Alias
15:17:02,314 TRACE AnnotationBinder:1658 - Processing annotations of es.ies.puerto.modelo.impl.Alias.id
15:17:02,317 TRACE NormalizingIdentifierHelperImpl:59 - Normalizing identifier quoting [id]
15:17:02,318 TRACE NormalizingIdentifierHelperImpl:59 - Normalizing identifier quoting [id]
15:17:02,319 DEBUG Ejb3Column:213 - Binding column: Ejb3Column{table=org.hibernate.mapping.Table(Alias), mappingColumn=id, insertable=true, updatable=true, unique=false}
15:17:02,324 DEBUG ClassLoaderAccessImpl:60 - Not known whether passed class name [es.ies.puerto.modelo.impl.Alias] is safe
15:17:02,324 DEBUG ClassLoaderAccessImpl:62 - No temp ClassLoader provided; using live ClassLoader for loading potentially unsafe class : es.ies.puerto.modelo.impl.Alias
15:17:02,326 DEBUG PropertyBinder:175 - MetadataSourceProcessor property id with lazy=false
15:17:02,330 DEBUG AbstractPropertyHolder:94 - Attempting to locate auto-apply AttributeConverter for property [es.ies.puerto.modelo.impl.Alias:id]
15:17:02,333 DEBUG SimpleValueBinder:410 - building SimpleValue for id
15:17:02,335 TRACE NormalizingIdentifierHelperImpl:59 - Normalizing identifier quoting [id]
15:17:02,338 DEBUG PropertyBinder:266 - Building property id
15:17:02,341 TRACE PropertyBinder:329 - Cascading id with null
15:17:02,345 DEBUG BinderHelper:643 - #makeIdGenerator(org.hibernate.mapping.SimpleValue([org.hibernate.mapping.Column(id)]), id, identity, , ...)
15:17:02,346 TRACE AnnotationBinder:2471 - Bind @Id on id
15:17:02,347 TRACE AnnotationBinder:1658 - Processing annotations of es.ies.puerto.modelo.impl.Alias.alias
15:17:02,348 TRACE NormalizingIdentifierHelperImpl:59 - Normalizing identifier quoting [alias]
15:17:02,348 TRACE NormalizingIdentifierHelperImpl:59 - Normalizing identifier quoting [alias]
15:17:02,348 DEBUG Ejb3Column:213 - Binding column: Ejb3Column{table=org.hibernate.mapping.Table(Alias), mappingColumn=alias, insertable=true, updatable=true, unique=false}
15:17:02,348 DEBUG PropertyBinder:175 - MetadataSourceProcessor property alias with lazy=false
15:17:02,349 DEBUG AbstractPropertyHolder:94 - Attempting to locate auto-apply AttributeConverter for property [es.ies.puerto.modelo.impl.Alias:alias]
15:17:02,349 DEBUG SimpleValueBinder:410 - building SimpleValue for alias
15:17:02,349 TRACE NormalizingIdentifierHelperImpl:59 - Normalizing identifier quoting [alias]
15:17:02,349 DEBUG PropertyBinder:266 - Building property alias
15:17:02,349 TRACE PropertyBinder:329 - Cascading alias with null
15:17:02,350 TRACE AnnotationBinder:1658 - Processing annotations of es.ies.puerto.modelo.impl.Alias.personaje
15:17:02,351 TRACE NormalizingIdentifierHelperImpl:59 - Normalizing identifier quoting [personaje_id]
15:17:02,353 DEBUG Ejb3Column:213 - Binding column: Ejb3JoinColumn{logicalColumnName='personaje_id', referencedColumn='', mappedBy=''}
15:17:02,356 TRACE NormalizingIdentifierHelperImpl:59 - Normalizing identifier quoting [personaje]
15:17:02,357 TRACE NormalizingIdentifierHelperImpl:59 - Normalizing identifier quoting [personaje]
15:17:02,357 DEBUG Ejb3Column:213 - Binding column: Ejb3Column{table=org.hibernate.mapping.Table(Alias), mappingColumn=personaje, insertable=true, updatable=true, unique=false}
15:17:02,363 TRACE AnnotationBinder:3204 - Fetching personaje with JOIN
15:17:02,366 DEBUG PropertyBinder:266 - Building property personaje
15:17:02,366 TRACE PropertyBinder:329 - Cascading personaje with none
15:17:02,371 DEBUG AnnotationBinder:558 - Binding entity from annotated class: es.ies.puerto.modelo.impl.Poder
15:17:02,375 TRACE NormalizingIdentifierHelperImpl:59 - Normalizing identifier quoting [DTYPE]
15:17:02,376 DEBUG Ejb3Column:213 - Binding column: Ejb3DiscriminatorColumn{logicalColumnName'DTYPE', discriminatorTypeName='string'}
15:17:02,376 DEBUG EntityBinder:430 - Import with entity name Poder
15:17:02,377 TRACE InFlightMetadataCollectorImpl:725 - Import: Poder -> es.ies.puerto.modelo.impl.Poder
15:17:02,377 TRACE InFlightMetadataCollectorImpl:725 - Import: es.ies.puerto.modelo.impl.Poder -> es.ies.puerto.modelo.impl.Poder
15:17:02,377 TRACE NormalizingIdentifierHelperImpl:59 - Normalizing identifier quoting [Poderes]
15:17:02,378 TRACE NormalizingIdentifierHelperImpl:59 - Normalizing identifier quoting [Poderes]
15:17:02,378 DEBUG EntityBinder:873 - Bind entity es.ies.puerto.modelo.impl.Poder on table Poderes
15:17:02,384 TRACE AnnotationBinder:1658 - Processing annotations of es.ies.puerto.modelo.impl.Poder.id
15:17:02,385 TRACE NormalizingIdentifierHelperImpl:59 - Normalizing identifier quoting [id]
15:17:02,386 TRACE NormalizingIdentifierHelperImpl:59 - Normalizing identifier quoting [id]
15:17:02,387 DEBUG Ejb3Column:213 - Binding column: Ejb3Column{table=org.hibernate.mapping.Table(Poderes), mappingColumn=id, insertable=true, updatable=true, unique=false}
15:17:02,388 DEBUG ClassLoaderAccessImpl:60 - Not known whether passed class name [es.ies.puerto.modelo.impl.Poder] is safe
15:17:02,388 DEBUG ClassLoaderAccessImpl:62 - No temp ClassLoader provided; using live ClassLoader for loading potentially unsafe class : es.ies.puerto.modelo.impl.Poder
15:17:02,392 DEBUG PropertyBinder:175 - MetadataSourceProcessor property id with lazy=false
15:17:02,393 DEBUG AbstractPropertyHolder:94 - Attempting to locate auto-apply AttributeConverter for property [es.ies.puerto.modelo.impl.Poder:id]
15:17:02,394 DEBUG SimpleValueBinder:410 - building SimpleValue for id
15:17:02,395 TRACE NormalizingIdentifierHelperImpl:59 - Normalizing identifier quoting [id]
15:17:02,395 DEBUG PropertyBinder:266 - Building property id
15:17:02,395 TRACE PropertyBinder:329 - Cascading id with null
15:17:02,396 DEBUG BinderHelper:643 - #makeIdGenerator(org.hibernate.mapping.SimpleValue([org.hibernate.mapping.Column(id)]), id, identity, , ...)
15:17:02,396 TRACE AnnotationBinder:2471 - Bind @Id on id
15:17:02,396 TRACE AnnotationBinder:1658 - Processing annotations of es.ies.puerto.modelo.impl.Poder.personaje
15:17:02,400 DEBUG Ejb3Column:213 - Binding column: Ejb3Column{table=org.hibernate.mapping.Table(Poderes), mappingColumn=null, insertable=true, updatable=true, unique=false}
15:17:02,429 TRACE NormalizingIdentifierHelperImpl:59 - Normalizing identifier quoting [element]
15:17:02,430 TRACE NormalizingIdentifierHelperImpl:59 - Normalizing identifier quoting [element]
15:17:02,430 DEBUG Ejb3Column:213 - Binding column: Ejb3Column{table=org.hibernate.mapping.Table(Poderes), mappingColumn=element, insertable=true, updatable=true, unique=false}
15:17:02,431 TRACE NormalizingIdentifierHelperImpl:59 - Normalizing identifier quoting [personaje_KEY]
15:17:02,431 DEBUG Ejb3Column:213 - Binding column: Ejb3Column{table=org.hibernate.mapping.Table(Poderes), mappingColumn=personaje_KEY, insertable=true, updatable=true, unique=false}
15:17:02,433 TRACE NormalizingIdentifierHelperImpl:59 - Normalizing identifier quoting [personaje_KEY]
15:17:02,433 DEBUG Ejb3Column:213 - Binding column: Ejb3JoinColumn{logicalColumnName='personaje_KEY', referencedColumn='null', mappedBy='null'}
15:17:02,436 DEBUG Ejb3Column:213 - Binding column: Ejb3JoinColumn{logicalColumnName='null', referencedColumn='null', mappedBy='poderes'}
15:17:02,437 DEBUG Ejb3Column:213 - Binding column: Ejb3JoinColumn{logicalColumnName='null', referencedColumn='null', mappedBy='poderes'}
15:17:02,441 DEBUG CollectionBinder:450 - Collection role: es.ies.puerto.modelo.impl.Poder.personaje
15:17:02,446 DEBUG PropertyBinder:266 - Building property personaje
15:17:02,447 TRACE PropertyBinder:329 - Cascading personaje with all
15:17:02,447 TRACE AnnotationBinder:1658 - Processing annotations of es.ies.puerto.modelo.impl.Poder.poder
15:17:02,448 TRACE NormalizingIdentifierHelperImpl:59 - Normalizing identifier quoting [poder]
15:17:02,448 TRACE NormalizingIdentifierHelperImpl:59 - Normalizing identifier quoting [poder]
15:17:02,449 DEBUG Ejb3Column:213 - Binding column: Ejb3Column{table=org.hibernate.mapping.Table(Poderes), mappingColumn=poder, insertable=true, updatable=true, unique=false}
15:17:02,449 DEBUG PropertyBinder:175 - MetadataSourceProcessor property poder with lazy=false
15:17:02,449 DEBUG AbstractPropertyHolder:94 - Attempting to locate auto-apply AttributeConverter for property [es.ies.puerto.modelo.impl.Poder:poder]
15:17:02,450 DEBUG SimpleValueBinder:410 - building SimpleValue for poder
15:17:02,451 TRACE NormalizingIdentifierHelperImpl:59 - Normalizing identifier quoting [poder]
15:17:02,452 TRACE NormalizingIdentifierHelperImpl:59 - Normalizing identifier quoting [poder]
15:17:02,452 TRACE NormalizingIdentifierHelperImpl:59 - Normalizing identifier quoting [poder]
15:17:02,452 DEBUG PropertyBinder:266 - Building property poder
15:17:02,452 TRACE PropertyBinder:329 - Cascading poder with null
15:17:02,452 DEBUG AnnotationBinder:558 - Binding entity from annotated class: es.ies.puerto.modelo.impl.Personaje
15:17:02,453 TRACE NormalizingIdentifierHelperImpl:59 - Normalizing identifier quoting [DTYPE]
15:17:02,453 DEBUG Ejb3Column:213 - Binding column: Ejb3DiscriminatorColumn{logicalColumnName'DTYPE', discriminatorTypeName='string'}
15:17:02,453 DEBUG EntityBinder:430 - Import with entity name Personaje
15:17:02,453 TRACE InFlightMetadataCollectorImpl:725 - Import: Personaje -> es.ies.puerto.modelo.impl.Personaje
15:17:02,453 TRACE InFlightMetadataCollectorImpl:725 - Import: es.ies.puerto.modelo.impl.Personaje -> es.ies.puerto.modelo.impl.Personaje
15:17:02,453 TRACE NormalizingIdentifierHelperImpl:59 - Normalizing identifier quoting [Personajes]
15:17:02,454 TRACE NormalizingIdentifierHelperImpl:59 - Normalizing identifier quoting [Personajes]
15:17:02,454 DEBUG EntityBinder:873 - Bind entity es.ies.puerto.modelo.impl.Personaje on table Personajes
15:17:02,457 TRACE AnnotationBinder:1658 - Processing annotations of es.ies.puerto.modelo.impl.Personaje.id
15:17:02,459 TRACE NormalizingIdentifierHelperImpl:59 - Normalizing identifier quoting [id]
15:17:02,459 TRACE NormalizingIdentifierHelperImpl:59 - Normalizing identifier quoting [id]
15:17:02,459 DEBUG Ejb3Column:213 - Binding column: Ejb3Column{table=org.hibernate.mapping.Table(Personajes), mappingColumn=id, insertable=true, updatable=true, unique=false}
15:17:02,460 DEBUG ClassLoaderAccessImpl:60 - Not known whether passed class name [es.ies.puerto.modelo.impl.Personaje] is safe
15:17:02,460 DEBUG ClassLoaderAccessImpl:62 - No temp ClassLoader provided; using live ClassLoader for loading potentially unsafe class : es.ies.puerto.modelo.impl.Personaje
15:17:02,460 DEBUG PropertyBinder:175 - MetadataSourceProcessor property id with lazy=false
15:17:02,463 DEBUG AbstractPropertyHolder:94 - Attempting to locate auto-apply AttributeConverter for property [es.ies.puerto.modelo.impl.Personaje:id]
15:17:02,464 DEBUG SimpleValueBinder:410 - building SimpleValue for id
15:17:02,464 TRACE NormalizingIdentifierHelperImpl:59 - Normalizing identifier quoting [id]
15:17:02,464 DEBUG PropertyBinder:266 - Building property id
15:17:02,465 TRACE PropertyBinder:329 - Cascading id with null
15:17:02,466 DEBUG BinderHelper:643 - #makeIdGenerator(org.hibernate.mapping.SimpleValue([org.hibernate.mapping.Column(id)]), id, identity, , ...)
15:17:02,467 TRACE AnnotationBinder:2471 - Bind @Id on id
15:17:02,467 TRACE AnnotationBinder:1658 - Processing annotations of es.ies.puerto.modelo.impl.Personaje.alias
15:17:02,468 DEBUG Ejb3Column:213 - Binding column: Ejb3JoinColumn{logicalColumnName='null', referencedColumn='null', mappedBy='personaje'}
15:17:02,468 TRACE NormalizingIdentifierHelperImpl:59 - Normalizing identifier quoting [alias]
15:17:02,468 TRACE NormalizingIdentifierHelperImpl:59 - Normalizing identifier quoting [alias]
15:17:02,468 DEBUG Ejb3Column:213 - Binding column: Ejb3Column{table=org.hibernate.mapping.Table(Personajes), mappingColumn=alias, insertable=true, updatable=true, unique=false}
15:17:02,469 TRACE AnnotationBinder:3204 - Fetching alias with JOIN
15:17:02,472 TRACE AnnotationBinder:1658 - Processing annotations of es.ies.puerto.modelo.impl.Personaje.genero
15:17:02,473 TRACE NormalizingIdentifierHelperImpl:59 - Normalizing identifier quoting [genero]
15:17:02,473 TRACE NormalizingIdentifierHelperImpl:59 - Normalizing identifier quoting [genero]
15:17:02,473 DEBUG Ejb3Column:213 - Binding column: Ejb3Column{table=org.hibernate.mapping.Table(Personajes), mappingColumn=genero, insertable=true, updatable=true, unique=false}
15:17:02,473 DEBUG PropertyBinder:175 - MetadataSourceProcessor property genero with lazy=false
15:17:02,473 DEBUG AbstractPropertyHolder:94 - Attempting to locate auto-apply AttributeConverter for property [es.ies.puerto.modelo.impl.Personaje:genero]
15:17:02,473 DEBUG SimpleValueBinder:410 - building SimpleValue for genero
15:17:02,474 TRACE NormalizingIdentifierHelperImpl:59 - Normalizing identifier quoting [genero]
15:17:02,474 DEBUG PropertyBinder:266 - Building property genero
15:17:02,474 TRACE PropertyBinder:329 - Cascading genero with null
15:17:02,474 TRACE AnnotationBinder:1658 - Processing annotations of es.ies.puerto.modelo.impl.Personaje.nombre
15:17:02,474 TRACE NormalizingIdentifierHelperImpl:59 - Normalizing identifier quoting [nombre]
15:17:02,474 TRACE NormalizingIdentifierHelperImpl:59 - Normalizing identifier quoting [nombre]
15:17:02,475 DEBUG Ejb3Column:213 - Binding column: Ejb3Column{table=org.hibernate.mapping.Table(Personajes), mappingColumn=nombre, insertable=true, updatable=true, unique=false}
15:17:02,475 DEBUG PropertyBinder:175 - MetadataSourceProcessor property nombre with lazy=false
15:17:02,475 DEBUG AbstractPropertyHolder:94 - Attempting to locate auto-apply AttributeConverter for property [es.ies.puerto.modelo.impl.Personaje:nombre]
15:17:02,475 DEBUG SimpleValueBinder:410 - building SimpleValue for nombre
15:17:02,475 TRACE NormalizingIdentifierHelperImpl:59 - Normalizing identifier quoting [nombre]
15:17:02,475 DEBUG PropertyBinder:266 - Building property nombre
15:17:02,475 TRACE PropertyBinder:329 - Cascading nombre with null
15:17:02,476 TRACE AnnotationBinder:1658 - Processing annotations of es.ies.puerto.modelo.impl.Personaje.poderes
15:17:02,476 DEBUG Ejb3Column:213 - Binding column: Ejb3Column{table=org.hibernate.mapping.Table(Personajes), mappingColumn=null, insertable=true, updatable=true, unique=false}
15:17:02,476 TRACE NormalizingIdentifierHelperImpl:59 - Normalizing identifier quoting [element]
15:17:02,476 TRACE NormalizingIdentifierHelperImpl:59 - Normalizing identifier quoting [element]
15:17:02,476 DEBUG Ejb3Column:213 - Binding column: Ejb3Column{table=org.hibernate.mapping.Table(Personajes), mappingColumn=element, insertable=true, updatable=true, unique=false}
15:17:02,477 TRACE NormalizingIdentifierHelperImpl:59 - Normalizing identifier quoting [poderes_KEY]
15:17:02,477 DEBUG Ejb3Column:213 - Binding column: Ejb3Column{table=org.hibernate.mapping.Table(Personajes), mappingColumn=poderes_KEY, insertable=true, updatable=true, unique=false}
15:17:02,477 TRACE NormalizingIdentifierHelperImpl:59 - Normalizing identifier quoting [poderes_KEY]
15:17:02,477 DEBUG Ejb3Column:213 - Binding column: Ejb3JoinColumn{logicalColumnName='poderes_KEY', referencedColumn='null', mappedBy='null'}
15:17:02,478 TRACE NormalizingIdentifierHelperImpl:59 - Normalizing identifier quoting [personaje_id]
15:17:02,478 DEBUG Ejb3Column:213 - Binding column: Ejb3JoinColumn{logicalColumnName='personaje_id', referencedColumn='id', mappedBy=''}
15:17:02,478 TRACE NormalizingIdentifierHelperImpl:59 - Normalizing identifier quoting [poder_id]
15:17:02,478 DEBUG Ejb3Column:213 - Binding column: Ejb3JoinColumn{logicalColumnName='poder_id', referencedColumn='id', mappedBy=''}
15:17:02,478 DEBUG CollectionBinder:450 - Collection role: es.ies.puerto.modelo.impl.Personaje.poderes
15:17:02,479 DEBUG PropertyBinder:266 - Building property poderes
15:17:02,479 TRACE PropertyBinder:329 - Cascading poderes with all
15:17:02,480 DEBUG SimpleValueBinder:455 - Starting fillSimpleValue for id
15:17:02,481 DEBUG SimpleValueBinder:455 - Starting fillSimpleValue for alias
15:17:02,481 DEBUG SimpleValueBinder:455 - Starting fillSimpleValue for id
15:17:02,481 DEBUG SimpleValueBinder:455 - Starting fillSimpleValue for poder
15:17:02,481 DEBUG SimpleValueBinder:455 - Starting fillSimpleValue for id
15:17:02,481 DEBUG SimpleValueBinder:455 - Starting fillSimpleValue for genero
15:17:02,481 DEBUG SimpleValueBinder:455 - Starting fillSimpleValue for nombre
15:17:02,482 TRACE NormalizingIdentifierHelperImpl:59 - Normalizing identifier quoting [personaje_id]
15:17:02,482 TRACE NormalizingIdentifierHelperImpl:59 - Normalizing identifier quoting [null]
15:17:02,482 TRACE NormalizingIdentifierHelperImpl:59 - Normalizing identifier quoting [personaje_id]
15:17:02,482 TRACE NormalizingIdentifierHelperImpl:59 - Normalizing identifier quoting [personaje_id]
15:17:02,496 DEBUG PrimaryKey:35 - Forcing column [id] to be non-null as it is part of the primary key for table [alias]
15:17:02,497 DEBUG PrimaryKey:35 - Forcing column [id] to be non-null as it is part of the primary key for table [poderes]
15:17:02,497 DEBUG PrimaryKey:35 - Forcing column [id] to be non-null as it is part of the primary key for table [personajes]
15:17:02,497 DEBUG CollectionSecondPass:50 - Second pass for collection: es.ies.puerto.modelo.impl.Personaje.poderes
15:17:02,497 DEBUG CollectionBinder:1319 - Binding as ManyToMany: es.ies.puerto.modelo.impl.Personaje.poderes
15:17:02,497 TRACE NormalizingIdentifierHelperImpl:59 - Normalizing identifier quoting [null]
15:17:02,499 TRACE NormalizingIdentifierHelperImpl:59 - Normalizing identifier quoting [Personajes_Poderes]
15:17:02,499 TRACE NormalizingIdentifierHelperImpl:59 - Normalizing identifier quoting [Personajes_Poderes]
15:17:02,501 TRACE NormalizingIdentifierHelperImpl:59 - Normalizing identifier quoting [id]
15:17:02,502 TRACE NormalizingIdentifierHelperImpl:59 - Normalizing identifier quoting [id]
15:17:02,504 TRACE NormalizingIdentifierHelperImpl:59 - Normalizing identifier quoting [id]
15:17:02,505 TRACE NormalizingIdentifierHelperImpl:59 - Normalizing identifier quoting [id]
15:17:02,505 TRACE NormalizingIdentifierHelperImpl:59 - Normalizing identifier quoting [id]
15:17:02,505 TRACE NormalizingIdentifierHelperImpl:59 - Normalizing identifier quoting [personaje_id]
15:17:02,505 TRACE NormalizingIdentifierHelperImpl:59 - Normalizing identifier quoting [id]
15:17:02,505 TRACE NormalizingIdentifierHelperImpl:59 - Normalizing identifier quoting [personaje_id]
15:17:02,505 TRACE NormalizingIdentifierHelperImpl:59 - Normalizing identifier quoting [personaje_id]
15:17:02,506 TRACE NormalizingIdentifierHelperImpl:59 - Normalizing identifier quoting [id]
15:17:02,506 TRACE NormalizingIdentifierHelperImpl:59 - Normalizing identifier quoting [id]
15:17:02,508 TRACE NormalizingIdentifierHelperImpl:59 - Normalizing identifier quoting [id]
15:17:02,510 TRACE NormalizingIdentifierHelperImpl:59 - Normalizing identifier quoting [id]
15:17:02,511 TRACE NormalizingIdentifierHelperImpl:59 - Normalizing identifier quoting [id]
15:17:02,511 TRACE NormalizingIdentifierHelperImpl:59 - Normalizing identifier quoting [poder_id]
15:17:02,512 TRACE NormalizingIdentifierHelperImpl:59 - Normalizing identifier quoting [id]
15:17:02,512 TRACE NormalizingIdentifierHelperImpl:59 - Normalizing identifier quoting [poder_id]
15:17:02,512 TRACE NormalizingIdentifierHelperImpl:59 - Normalizing identifier quoting [poder_id]
15:17:02,514 DEBUG PrimaryKey:35 - Forcing column [personaje_id] to be non-null as it is part of the primary key for table [personajes_poderes]
15:17:02,514 DEBUG PrimaryKey:35 - Forcing column [poder_id] to be non-null as it is part of the primary key for table [personajes_poderes]
15:17:02,514 DEBUG CollectionSecondPass:67 - Mapped collection key: personaje_id, element: poder_id
15:17:02,514 DEBUG CollectionSecondPass:50 - Second pass for collection: es.ies.puerto.modelo.impl.Poder.personaje
15:17:02,515 DEBUG CollectionBinder:1319 - Binding as ManyToMany: es.ies.puerto.modelo.impl.Poder.personaje
15:17:02,516 DEBUG TableBinder:554 - Retrieving property es.ies.puerto.modelo.impl.Personaje.poderes
15:17:02,517 DEBUG CollectionSecondPass:67 - Mapped collection key: poder_id, element: personaje_id
15:17:02,519 DEBUG PropertyBinder:266 - Building property alias
15:17:02,520 TRACE PropertyBinder:329 - Cascading alias with all,delete,delete-orphan
15:17:02,521 DEBUG InFlightMetadataCollectorImpl:1964 - Processing association property references
15:17:02,521 DEBUG InFlightMetadataCollectorImpl:1869 - Resolving reference to class: es.ies.puerto.modelo.impl.Personaje
15:17:02,523 TRACE NormalizingIdentifierHelperImpl:59 - Normalizing identifier quoting [personaje_id]
15:17:02,527 TRACE NormalizingIdentifierHelperImpl:59 - Normalizing identifier quoting [FKfvyxcbrx6g14d8do7hphq42jb]
15:17:02,527 DEBUG InFlightMetadataCollectorImpl:1869 - Resolving reference to class: es.ies.puerto.modelo.impl.Poder
15:17:02,527 TRACE NormalizingIdentifierHelperImpl:59 - Normalizing identifier quoting [poder_id]
15:17:02,528 TRACE NormalizingIdentifierHelperImpl:59 - Normalizing identifier quoting [FKhb7q5ue7emu7muxtaosmb6eye]
15:17:02,528 DEBUG InFlightMetadataCollectorImpl:1869 - Resolving reference to class: es.ies.puerto.modelo.impl.Personaje
15:17:02,528 TRACE NormalizingIdentifierHelperImpl:59 - Normalizing identifier quoting [personaje_id]
15:17:02,528 TRACE NormalizingIdentifierHelperImpl:59 - Normalizing identifier quoting [FKhwrr2kq0gj16vclkrrii03xgb]
15:17:02,531 DEBUG InFlightMetadataCollectorImpl:1964 - Processing association property references
15:17:02,532 DEBUG InFlightMetadataCollectorImpl:1869 - Resolving reference to class: es.ies.puerto.modelo.impl.Personaje
15:17:02,533 TRACE NormalizingIdentifierHelperImpl:59 - Normalizing identifier quoting [personaje_id]
15:17:02,535 DEBUG InFlightMetadataCollectorImpl:1869 - Resolving reference to class: es.ies.puerto.modelo.impl.Poder
15:17:02,535 TRACE NormalizingIdentifierHelperImpl:59 - Normalizing identifier quoting [poder_id]
15:17:02,535 DEBUG InFlightMetadataCollectorImpl:1869 - Resolving reference to class: es.ies.puerto.modelo.impl.Personaje
15:17:02,535 TRACE NormalizingIdentifierHelperImpl:59 - Normalizing identifier quoting [personaje_id]
15:17:02,544 TRACE AbstractServiceRegistryImpl:233 - Initializing service [role=org.hibernate.boot.spi.SessionFactoryBuilderService]
15:17:02,578 TRACE BatchFetchStyle:51 - Interpreting BatchFetchStyle from setting : null
15:17:02,587 TRACE AbstractServiceRegistryImpl:233 - Initializing service [role=org.hibernate.resource.transaction.spi.TransactionCoordinatorBuilder]
15:17:02,597 TRACE AbstractServiceRegistryImpl:233 - Initializing service [role=org.hibernate.bytecode.spi.BytecodeProvider]
15:17:02,628 DEBUG SessionFactoryImpl:203 - Building session factory
15:17:02,630 DEBUG Settings:68 - SessionFactory name : null
15:17:02,631 DEBUG Settings:69 - Automatic flush during beforeCompletion(): enabled
15:17:02,631 DEBUG Settings:70 - Automatic session close at end of transaction: disabled
15:17:02,631 DEBUG Settings:72 - Statistics: disabled
15:17:02,632 DEBUG Settings:74 - Deleted entity synthetic identifier rollback: disabled
15:17:02,632 DEBUG Settings:75 - Default entity-mode: pojo
15:17:02,632 DEBUG Settings:76 - Check Nullability in Core (should be disabled when Bean Validation is on): enabled
15:17:02,632 DEBUG Settings:77 - Allow initialization of lazy state outside session : disabled
15:17:02,632 DEBUG Settings:79 - Using BatchFetchStyle : LEGACY
15:17:02,632 DEBUG Settings:80 - Default batch fetch size: -1
15:17:02,632 DEBUG Settings:81 - Maximum outer join fetch depth: null
15:17:02,632 DEBUG Settings:82 - Default null ordering: NONE
15:17:02,632 DEBUG Settings:83 - Order SQL updates by primary key: disabled
15:17:02,633 DEBUG Settings:84 - Order SQL inserts for batching: disabled
15:17:02,634 DEBUG Settings:86 - multi-tenancy strategy : NONE
15:17:02,634 DEBUG Settings:88 - JTA Track by Thread: enabled
15:17:02,634 DEBUG Settings:90 - Query language substitutions: {}
15:17:02,634 DEBUG Settings:91 - Named query checking : enabled
15:17:02,634 DEBUG Settings:93 - Second-level cache: disabled
15:17:02,634 DEBUG Settings:94 - Second-level query cache: disabled
15:17:02,634 DEBUG Settings:95 - Second-level query cache factory: null
15:17:02,634 DEBUG Settings:96 - Second-level cache region prefix: null
15:17:02,635 DEBUG Settings:97 - Optimize second-level cache for minimal puts: disabled
15:17:02,635 DEBUG Settings:98 - Structured second-level cache entries: disabled
15:17:02,635 DEBUG Settings:99 - Second-level cache direct-reference entries: disabled
15:17:02,635 DEBUG Settings:100 - Automatic eviction of collection cache: disabled
15:17:02,635 DEBUG Settings:102 - JDBC batch size: 0
15:17:02,635 DEBUG Settings:103 - JDBC batch updates for versioned data: enabled
15:17:02,635 DEBUG Settings:104 - Scrollable result sets: disabled
15:17:02,635 DEBUG Settings:105 - Wrap result sets: disabled
15:17:02,635 DEBUG Settings:106 - JDBC3 getGeneratedKeys(): enabled
15:17:02,635 DEBUG Settings:107 - JDBC result set fetch size: null
15:17:02,635 DEBUG Settings:108 - Connection release mode: AFTER_TRANSACTION
15:17:02,636 DEBUG Settings:109 - Generate SQL with comments: disabled
15:17:02,638 DEBUG Settings:111 - JPA compliance - query : disabled
15:17:02,639 DEBUG Settings:112 - JPA compliance - closed-handling : disabled
15:17:02,639 DEBUG Settings:113 - JPA compliance - lists : disabled
15:17:02,640 DEBUG Settings:114 - JPA compliance - transactions : disabled
15:17:02,640 TRACE AbstractServiceRegistryImpl:233 - Initializing service [role=org.hibernate.service.spi.SessionFactoryServiceRegistryFactory]
15:17:02,655 TRACE AbstractServiceRegistryImpl:233 - Initializing service [role=org.hibernate.event.service.spi.EventListenerRegistry]
15:17:02,731 TRACE AbstractServiceRegistryImpl:233 - Initializing service [role=org.hibernate.resource.beans.spi.ManagedBeanRegistry]
15:17:02,745 TRACE AbstractServiceRegistryImpl:233 - Initializing service [role=org.hibernate.cache.spi.CacheImplementor]
15:17:02,763 DEBUG SessionFactoryImpl:258 - Session factory constructed with filter configurations : {}
15:17:02,763 DEBUG SessionFactoryImpl:259 - Instantiating session factory with properties: {sun.desktop=gnome, awt.toolkit=sun.awt.X11.XToolkit, hibernate.format_sql=false, java.specification.version=11, sun.cpu.isalist=, sun.jnu.encoding=UTF-8, hibernate.dialect=es.ies.puerto.modelo.db.SQLiteDialect, java.class.path=/home/jonaykb/Repositorios/pro/unidad-7/tareas/tareaMarvel JPA/target/test-classes:/home/jonaykb/Repositorios/pro/unidad-7/tareas/tareaMarvel JPA/target/classes:/home/jonaykb/.m2/repository/org/hibernate/hibernate-core/5.4.24.Final/hibernate-core-5.4.24.Final.jar:/home/jonaykb/.m2/repository/org/jboss/logging/jboss-logging/3.4.1.Final/jboss-logging-3.4.1.Final.jar:/home/jonaykb/.m2/repository/javax/persistence/javax.persistence-api/2.2/javax.persistence-api-2.2.jar:/home/jonaykb/.m2/repository/org/javassist/javassist/3.27.0-GA/javassist-3.27.0-GA.jar:/home/jonaykb/.m2/repository/net/bytebuddy/byte-buddy/1.10.17/byte-buddy-1.10.17.jar:/home/jonaykb/.m2/repository/antlr/antlr/2.7.7/antlr-2.7.7.jar:/home/jonaykb/.m2/repository/org/jboss/spec/javax/transaction/jboss-transaction-api_1.2_spec/1.1.1.Final/jboss-transaction-api_1.2_spec-1.1.1.Final.jar:/home/jonaykb/.m2/repository/org/jboss/jandex/2.1.3.Final/jandex-2.1.3.Final.jar:/home/jonaykb/.m2/repository/com/fasterxml/classmate/1.5.1/classmate-1.5.1.jar:/home/jonaykb/.m2/repository/javax/activation/javax.activation-api/1.2.0/javax.activation-api-1.2.0.jar:/home/jonaykb/.m2/repository/org/dom4j/dom4j/2.1.3/dom4j-2.1.3.jar:/home/jonaykb/.m2/repository/org/hibernate/common/hibernate-commons-annotations/5.1.2.Final/hibernate-commons-annotations-5.1.2.Final.jar:/home/jonaykb/.m2/repository/javax/xml/bind/jaxb-api/2.3.1/jaxb-api-2.3.1.jar:/home/jonaykb/.m2/repository/org/glassfish/jaxb/jaxb-runtime/2.3.1/jaxb-runtime-2.3.1.jar:/home/jonaykb/.m2/repository/org/glassfish/jaxb/txw2/2.3.1/txw2-2.3.1.jar:/home/jonaykb/.m2/repository/com/sun/istack/istack-commons-runtime/3.0.7/istack-commons-runtime-3.0.7.jar:/home/jonaykb/.m2/repository/org/jvnet/staxex/stax-ex/1.8/stax-ex-1.8.jar:/home/jonaykb/.m2/repository/com/sun/xml/fastinfoset/FastInfoset/1.2.15/FastInfoset-1.2.15.jar:/home/jonaykb/.m2/repository/org/xerial/sqlite-jdbc/3.45.2.0/sqlite-jdbc-3.45.2.0.jar:/home/jonaykb/.m2/repository/org/slf4j/slf4j-api/1.7.36/slf4j-api-1.7.36.jar:/home/jonaykb/.m2/repository/org/apache/logging/log4j/log4j-api/2.17.1/log4j-api-2.17.1.jar:/home/jonaykb/.m2/repository/org/apache/logging/log4j/log4j-core/2.17.1/log4j-core-2.17.1.jar:/home/jonaykb/.m2/repository/org/simpleframework/simple-xml/2.7.1/simple-xml-2.7.1.jar:/home/jonaykb/.m2/repository/stax/stax-api/1.0.1/stax-api-1.0.1.jar:/home/jonaykb/.m2/repository/stax/stax/1.2.0/stax-1.2.0.jar:/home/jonaykb/.m2/repository/xpp3/xpp3/1.1.3.3/xpp3-1.1.3.3.jar:/home/jonaykb/.m2/repository/com/google/code/gson/gson/2.8.8/gson-2.8.8.jar:/home/jonaykb/.m2/repository/org/junit/jupiter/junit-jupiter-api/5.6.0/junit-jupiter-api-5.6.0.jar:/home/jonaykb/.m2/repository/org/apiguardian/apiguardian-api/1.1.0/apiguardian-api-1.1.0.jar:/home/jonaykb/.m2/repository/org/opentest4j/opentest4j/1.2.0/opentest4j-1.2.0.jar:/home/jonaykb/.m2/repository/org/junit/platform/junit-platform-commons/1.6.0/junit-platform-commons-1.6.0.jar:/home/jonaykb/.m2/repository/org/junit/jupiter/junit-jupiter-params/5.6.0/junit-jupiter-params-5.6.0.jar:/home/jonaykb/.m2/repository/org/junit/jupiter/junit-jupiter-engine/5.6.0/junit-jupiter-engine-5.6.0.jar:/home/jonaykb/.m2/repository/org/junit/platform/junit-platform-engine/1.6.0/junit-platform-engine-1.6.0.jar:, java.vm.vendor=Ubuntu, sun.arch.data.model=64, java.vendor.url=https://ubuntu.com/, user.timezone=Atlantic/Canary, javax.persistence.jdbc.url=jdbc:sqlite:src/main/resources/personajes.db, os.name=Linux, java.vm.specification.version=11, sun.java.launcher=SUN_STANDARD, user.country=ES, local.setting.IS_JTA_TXN_COORD=false, sun.boot.library.path=/usr/lib/jvm/java-11-openjdk-amd64/lib, sun.java.command=/home/jonaykb/Repositorios/pro/unidad-7/tareas/tareaMarvel JPA/target/surefire/surefirebooter18312555224557249093.jar /home/jonaykb/Repositorios/pro/unidad-7/tareas/tareaMarvel JPA/target/surefire 2024-04-26T15-16-58_247-jvmRun1 surefire12553661827923355886tmp surefire_018159827168729330132tmp, jdk.debug=release, surefire.test.class.path=/home/jonaykb/Repositorios/pro/unidad-7/tareas/tareaMarvel JPA/target/test-classes:/home/jonaykb/Repositorios/pro/unidad-7/tareas/tareaMarvel JPA/target/classes:/home/jonaykb/.m2/repository/org/hibernate/hibernate-core/5.4.24.Final/hibernate-core-5.4.24.Final.jar:/home/jonaykb/.m2/repository/org/jboss/logging/jboss-logging/3.4.1.Final/jboss-logging-3.4.1.Final.jar:/home/jonaykb/.m2/repository/javax/persistence/javax.persistence-api/2.2/javax.persistence-api-2.2.jar:/home/jonaykb/.m2/repository/org/javassist/javassist/3.27.0-GA/javassist-3.27.0-GA.jar:/home/jonaykb/.m2/repository/net/bytebuddy/byte-buddy/1.10.17/byte-buddy-1.10.17.jar:/home/jonaykb/.m2/repository/antlr/antlr/2.7.7/antlr-2.7.7.jar:/home/jonaykb/.m2/repository/org/jboss/spec/javax/transaction/jboss-transaction-api_1.2_spec/1.1.1.Final/jboss-transaction-api_1.2_spec-1.1.1.Final.jar:/home/jonaykb/.m2/repository/org/jboss/jandex/2.1.3.Final/jandex-2.1.3.Final.jar:/home/jonaykb/.m2/repository/com/fasterxml/classmate/1.5.1/classmate-1.5.1.jar:/home/jonaykb/.m2/repository/javax/activation/javax.activation-api/1.2.0/javax.activation-api-1.2.0.jar:/home/jonaykb/.m2/repository/org/dom4j/dom4j/2.1.3/dom4j-2.1.3.jar:/home/jonaykb/.m2/repository/org/hibernate/common/hibernate-commons-annotations/5.1.2.Final/hibernate-commons-annotations-5.1.2.Final.jar:/home/jonaykb/.m2/repository/javax/xml/bind/jaxb-api/2.3.1/jaxb-api-2.3.1.jar:/home/jonaykb/.m2/repository/org/glassfish/jaxb/jaxb-runtime/2.3.1/jaxb-runtime-2.3.1.jar:/home/jonaykb/.m2/repository/org/glassfish/jaxb/txw2/2.3.1/txw2-2.3.1.jar:/home/jonaykb/.m2/repository/com/sun/istack/istack-commons-runtime/3.0.7/istack-commons-runtime-3.0.7.jar:/home/jonaykb/.m2/repository/org/jvnet/staxex/stax-ex/1.8/stax-ex-1.8.jar:/home/jonaykb/.m2/repository/com/sun/xml/fastinfoset/FastInfoset/1.2.15/FastInfoset-1.2.15.jar:/home/jonaykb/.m2/repository/org/xerial/sqlite-jdbc/3.45.2.0/sqlite-jdbc-3.45.2.0.jar:/home/jonaykb/.m2/repository/org/slf4j/slf4j-api/1.7.36/slf4j-api-1.7.36.jar:/home/jonaykb/.m2/repository/org/apache/logging/log4j/log4j-api/2.17.1/log4j-api-2.17.1.jar:/home/jonaykb/.m2/repository/org/apache/logging/log4j/log4j-core/2.17.1/log4j-core-2.17.1.jar:/home/jonaykb/.m2/repository/org/simpleframework/simple-xml/2.7.1/simple-xml-2.7.1.jar:/home/jonaykb/.m2/repository/stax/stax-api/1.0.1/stax-api-1.0.1.jar:/home/jonaykb/.m2/repository/stax/stax/1.2.0/stax-1.2.0.jar:/home/jonaykb/.m2/repository/xpp3/xpp3/1.1.3.3/xpp3-1.1.3.3.jar:/home/jonaykb/.m2/repository/com/google/code/gson/gson/2.8.8/gson-2.8.8.jar:/home/jonaykb/.m2/repository/org/junit/jupiter/junit-jupiter-api/5.6.0/junit-jupiter-api-5.6.0.jar:/home/jonaykb/.m2/repository/org/apiguardian/apiguardian-api/1.1.0/apiguardian-api-1.1.0.jar:/home/jonaykb/.m2/repository/org/opentest4j/opentest4j/1.2.0/opentest4j-1.2.0.jar:/home/jonaykb/.m2/repository/org/junit/platform/junit-platform-commons/1.6.0/junit-platform-commons-1.6.0.jar:/home/jonaykb/.m2/repository/org/junit/jupiter/junit-jupiter-params/5.6.0/junit-jupiter-params-5.6.0.jar:/home/jonaykb/.m2/repository/org/junit/jupiter/junit-jupiter-engine/5.6.0/junit-jupiter-engine-5.6.0.jar:/home/jonaykb/.m2/repository/org/junit/platform/junit-platform-engine/1.6.0/junit-platform-engine-1.6.0.jar:, sun.cpu.endian=little, user.home=/home/jonaykb, user.language=es, java.specification.vendor=Oracle Corporation, java.version.date=2023-08-24, java.home=/usr/lib/jvm/java-11-openjdk-amd64, file.separator=/, basedir=/home/jonaykb/Repositorios/pro/unidad-7/tareas/tareaMarvel JPA, java.vm.compressedOopsMode=Zero based, line.separator=
, java.specification.name=Java Platform API Specification, java.vm.specification.vendor=Oracle Corporation, hibernate.transaction.coordinator_class=class org.hibernate.resource.transaction.backend.jdbc.internal.JdbcResourceLocalTransactionCoordinatorBuilderImpl, java.awt.graphicsenv=sun.awt.X11GraphicsEnvironment, javax.persistence.jdbc.driver=org.sqlite.JDBC, surefire.real.class.path=/home/jonaykb/Repositorios/pro/unidad-7/tareas/tareaMarvel JPA/target/surefire/surefirebooter18312555224557249093.jar, hibernate.hbm2ddl.auto=update, sun.management.compiler=HotSpot 64-Bit Tiered Compilers, java.runtime.version=11.0.20.1+1-post-Ubuntu-0ubuntu122.04, user.name=jonaykb, path.separator=:, os.version=5.15.0-76-generic, java.runtime.name=OpenJDK Runtime Environment, hibernate.connection.url=jdbc:sqlite:src/main/resources/personajes.db, file.encoding=UTF-8, hibernate.ejb.persistenceUnitName=sqlite-jpa, java.vm.name=OpenJDK 64-Bit Server VM, hibernate.show_sql=true, localRepository=/home/jonaykb/.m2/repository, hibernate.connection.driver_class=org.sqlite.JDBC, java.vendor.url.bug=https://bugs.launchpad.net/ubuntu/+source/openjdk-lts, java.io.tmpdir=/tmp, java.version=11.0.20.1, user.dir=/home/jonaykb/Repositorios/pro/unidad-7/tareas/tareaMarvel JPA, os.arch=amd64, java.vm.specification.name=Java Virtual Machine Specification, java.awt.printerjob=sun.print.PSPrinterJob, sun.os.patch.level=unknown, hibernate.boot.CfgXmlAccessService.key=org.hibernate.boot.registry.StandardServiceRegistryBuilder$1@7746ae18, java.library.path=/usr/java/packages/lib:/usr/lib/x86_64-linux-gnu/jni:/lib/x86_64-linux-gnu:/usr/lib/x86_64-linux-gnu:/usr/lib/jni:/lib:/usr/lib, java.vendor=Ubuntu, java.vm.info=mixed mode, sharing, java.vm.version=11.0.20.1+1-post-Ubuntu-0ubuntu122.04, java.specification.maintenance.version=2, hibernate.bytecode.use_reflection_optimizer=false, sun.io.unicode.encoding=UnicodeLittle, java.class.version=55.0}
15:17:02,780 TRACE AbstractServiceRegistryImpl:233 - Initializing service [role=org.hibernate.engine.query.spi.NativeQueryInterpreter]
15:17:02,796 DEBUG JaccIntegrator:80 - Skipping JACC integration as it was not enabled
15:17:02,797 DEBUG SessionFactoryImpl:298 - Instantiated session factory
15:17:02,798 DEBUG TypeConfiguration$Scope:157 - Scoping TypeConfiguration [org.hibernate.type.spi.TypeConfiguration@9c88323] to SessionFactoryImpl [org.hibernate.internal.SessionFactoryImpl@752114f1]
15:17:02,815 TRACE AbstractServiceRegistryImpl:233 - Initializing service [role=org.hibernate.persister.spi.PersisterFactory]
15:17:02,819 TRACE AbstractServiceRegistryImpl:233 - Initializing service [role=org.hibernate.persister.spi.PersisterClassResolver]
15:17:02,866 TRACE AbstractServiceRegistryImpl:233 - Initializing service [role=org.hibernate.property.access.spi.PropertyAccessStrategyResolver]
15:17:02,904 DEBUG ClassLoaderAccessImpl:60 - Not known whether passed class name [es.ies.puerto.modelo.impl.Alias] is safe
15:17:02,904 DEBUG ClassLoaderAccessImpl:62 - No temp ClassLoader provided; using live ClassLoader for loading potentially unsafe class : es.ies.puerto.modelo.impl.Alias
15:17:02,912 TRACE AbstractServiceRegistryImpl:233 - Initializing service [role=org.hibernate.bytecode.spi.ProxyFactoryFactory]
15:17:03,220 TRACE AbstractPropertyMapping:129 - Skipping duplicate registration of path [personaje.id], existing type = [org.hibernate.type.IntegerType@33319df0], incoming type = [org.hibernate.type.IntegerType@33319df0]
15:17:03,220 TRACE AbstractPropertyMapping:129 - Skipping duplicate registration of path [alias], existing type = [org.hibernate.type.StringType@4667c6d9], incoming type = [org.hibernate.type.StringType@4667c6d9]
15:17:03,220 TRACE AbstractPropertyMapping:129 - Skipping duplicate registration of path [personaje], existing type = [org.hibernate.type.ManyToOneType(es.ies.puerto.modelo.impl.Personaje)], incoming type = [org.hibernate.type.ManyToOneType(es.ies.puerto.modelo.impl.Personaje)]
15:17:03,220 TRACE AbstractPropertyMapping:129 - Skipping duplicate registration of path [personaje.id], existing type = [org.hibernate.type.IntegerType@33319df0], incoming type = [org.hibernate.type.IntegerType@33319df0]
15:17:03,221 TRACE AbstractPropertyMapping:129 - Skipping duplicate registration of path [personaje.id], existing type = [org.hibernate.type.IntegerType@33319df0], incoming type = [org.hibernate.type.IntegerType@33319df0]
15:17:03,221 TRACE AbstractPropertyMapping:129 - Skipping duplicate registration of path [id], existing type = [org.hibernate.type.IntegerType@33319df0], incoming type = [org.hibernate.type.IntegerType@33319df0]
15:17:03,223 DEBUG ClassLoaderAccessImpl:60 - Not known whether passed class name [es.ies.puerto.modelo.impl.Poder] is safe
15:17:03,224 DEBUG ClassLoaderAccessImpl:62 - No temp ClassLoader provided; using live ClassLoader for loading potentially unsafe class : es.ies.puerto.modelo.impl.Poder
15:17:03,247 TRACE AbstractPropertyMapping:129 - Skipping duplicate registration of path [personaje], existing type = [org.hibernate.type.SetType(es.ies.puerto.modelo.impl.Poder.personaje)], incoming type = [org.hibernate.type.SetType(es.ies.puerto.modelo.impl.Poder.personaje)]
15:17:03,248 TRACE AbstractPropertyMapping:129 - Skipping duplicate registration of path [poder], existing type = [org.hibernate.type.StringType@4667c6d9], incoming type = [org.hibernate.type.StringType@4667c6d9]
15:17:03,248 TRACE AbstractPropertyMapping:129 - Skipping duplicate registration of path [id], existing type = [org.hibernate.type.IntegerType@33319df0], incoming type = [org.hibernate.type.IntegerType@33319df0]
15:17:03,249 DEBUG ClassLoaderAccessImpl:60 - Not known whether passed class name [es.ies.puerto.modelo.impl.Personaje] is safe
15:17:03,249 DEBUG ClassLoaderAccessImpl:62 - No temp ClassLoader provided; using live ClassLoader for loading potentially unsafe class : es.ies.puerto.modelo.impl.Personaje
15:17:03,273 TRACE AbstractPropertyMapping:129 - Skipping duplicate registration of path [genero], existing type = [org.hibernate.type.StringType@4667c6d9], incoming type = [org.hibernate.type.StringType@4667c6d9]
15:17:03,274 TRACE AbstractPropertyMapping:129 - Skipping duplicate registration of path [nombre], existing type = [org.hibernate.type.StringType@4667c6d9], incoming type = [org.hibernate.type.StringType@4667c6d9]
15:17:03,274 TRACE AbstractPropertyMapping:129 - Skipping duplicate registration of path [poderes], existing type = [org.hibernate.type.SetType(es.ies.puerto.modelo.impl.Personaje.poderes)], incoming type = [org.hibernate.type.SetType(es.ies.puerto.modelo.impl.Personaje.poderes)]
15:17:03,274 TRACE AbstractPropertyMapping:129 - Skipping duplicate registration of path [alias], existing type = [org.hibernate.type.OneToOneType(es.ies.puerto.modelo.impl.Alias)], incoming type = [org.hibernate.type.OneToOneType(es.ies.puerto.modelo.impl.Alias)]
15:17:03,274 TRACE AbstractPropertyMapping:129 - Skipping duplicate registration of path [id], existing type = [org.hibernate.type.IntegerType@33319df0], incoming type = [org.hibernate.type.IntegerType@33319df0]
15:17:03,292 DEBUG AbstractCollectionPersister:692 - Static SQL for collection: es.ies.puerto.modelo.impl.Personaje.poderes
15:17:03,293 DEBUG AbstractCollectionPersister:694 -  Row insert: insert into Personajes_Poderes (personaje_id, poder_id) values (?, ?)
15:17:03,293 DEBUG AbstractCollectionPersister:697 -  Row update: update Personajes_Poderes set poder_id=? where personaje_id=? and poder_id=?
15:17:03,293 DEBUG AbstractCollectionPersister:700 -  Row delete: delete from Personajes_Poderes where personaje_id=? and poder_id=?
15:17:03,293 DEBUG AbstractCollectionPersister:703 -  One-shot delete: delete from Personajes_Poderes where personaje_id=?
15:17:03,294 DEBUG AbstractCollectionPersister:692 - Static SQL for collection: es.ies.puerto.modelo.impl.Poder.personaje
15:17:03,294 DEBUG AbstractCollectionPersister:694 -  Row insert: insert into Personajes_Poderes (poder_id, personaje_id) values (?, ?)
15:17:03,294 DEBUG AbstractCollectionPersister:697 -  Row update: update Personajes_Poderes set personaje_id=? where poder_id=? and personaje_id=?
15:17:03,295 DEBUG AbstractCollectionPersister:700 -  Row delete: delete from Personajes_Poderes where poder_id=? and personaje_id=?
15:17:03,295 DEBUG AbstractCollectionPersister:703 -  One-shot delete: delete from Personajes_Poderes where poder_id=?
15:17:03,300 DEBUG AbstractEntityPersister:3923 - Static SQL for entity: es.ies.puerto.modelo.impl.Alias
15:17:03,300 DEBUG AbstractEntityPersister:3928 -  Version select: select id from Alias where id =?
15:17:03,301 DEBUG AbstractEntityPersister:3931 -  Snapshot select: select alias_.id, alias_.alias as alias2_0_, alias_.personaje_id as personaj3_0_ from Alias alias_ where alias_.id=?
15:17:03,301 DEBUG AbstractEntityPersister:394 -  Insert 0: insert into Alias (alias, personaje_id, id) values (?, ?, ?)
15:17:03,301 DEBUG AbstractEntityPersister:394 -  Update 0: update Alias set alias=?, personaje_id=? where id=?
15:17:03,301 DEBUG AbstractEntityPersister:394 -  Delete 0: delete from Alias where id=?
15:17:03,301 DEBUG AbstractEntityPersister:3939 -  Identity insert: insert into Alias (alias, personaje_id) values (?, ?)
15:17:03,333 TRACE AbstractLoadPlanBuildingAssociationVisitationStrategy:172 -  Starting root entity : es.ies.puerto.modelo.impl.Alias
15:17:03,340 DEBUG QuerySpacesImpl:174 - Adding QuerySpace : uid = <gen:0> -> org.hibernate.loader.plan.build.internal.spaces.EntityQuerySpaceImpl@3466cba1]
15:17:03,341 TRACE AbstractLoadPlanBuildingAssociationVisitationStrategy:113 - Pushing fetch source to stack : org.hibernate.loader.plan.build.internal.returns.EntityReturnImpl@64ac6960
15:17:03,342 TRACE AbstractLoadPlanBuildingAssociationVisitationStrategy:648 - .. Registering AssociationKey : AssociationKey(table=Alias, columns={id}) -> org.hibernate.loader.plan.build.internal.returns.EntityReturnImpl@64ac6960
15:17:03,342 TRACE AbstractLoadPlanBuildingAssociationVisitationStrategy:239 - >> Starting entity identifier : es.ies.puerto.modelo.impl.Alias
15:17:03,343 DEBUG MetamodelGraphWalker:146 - Visiting attribute path : alias
15:17:03,343 TRACE AbstractLoadPlanBuildingAssociationVisitationStrategy:547 - >> Starting attribute Attribute(name=alias, type=string [non-identifier])
15:17:03,343 TRACE AbstractLoadPlanBuildingAssociationVisitationStrategy:628 - << Finishing up attribute : Attribute(name=alias, type=string [non-identifier])
15:17:03,344 DEBUG MetamodelGraphWalker:146 - Visiting attribute path : personaje
15:17:03,345 TRACE AbstractLoadPlanBuildingAssociationVisitationStrategy:547 - >> Starting attribute Attribute(name=personaje, type=es.ies.puerto.modelo.impl.Personaje [non-identifier,association])
15:17:03,351 DEBUG QuerySpacesImpl:174 - Adding QuerySpace : uid = <gen:1> -> org.hibernate.loader.plan.build.internal.spaces.EntityQuerySpaceImpl@43b551ce]
15:17:03,354 TRACE AbstractLoadPlanBuildingAssociationVisitationStrategy:113 - Pushing fetch source to stack : org.hibernate.loader.plan.build.internal.returns.EntityAttributeFetchImpl@5624f7a
15:17:03,354 TRACE AbstractLoadPlanBuildingAssociationVisitationStrategy:648 - .... Registering AssociationKey : AssociationKey(table=Alias, columns={personaje_id}) -> org.hibernate.loader.plan.build.internal.returns.EntityAttributeFetchImpl@5624f7a
15:17:03,354 TRACE AbstractLoadPlanBuildingAssociationVisitationStrategy:239 - >>>> Starting entity identifier : es.ies.puerto.modelo.impl.Personaje
15:17:03,355 DEBUG MetamodelGraphWalker:146 - Visiting attribute path : personaje.genero
15:17:03,355 TRACE AbstractLoadPlanBuildingAssociationVisitationStrategy:547 - >>>> Starting attribute Attribute(name=genero, type=string [non-identifier])
15:17:03,355 TRACE AbstractLoadPlanBuildingAssociationVisitationStrategy:628 - <<<< Finishing up attribute : Attribute(name=genero, type=string [non-identifier])
15:17:03,355 DEBUG MetamodelGraphWalker:146 - Visiting attribute path : personaje.nombre
15:17:03,355 TRACE AbstractLoadPlanBuildingAssociationVisitationStrategy:547 - >>>> Starting attribute Attribute(name=nombre, type=string [non-identifier])
15:17:03,355 TRACE AbstractLoadPlanBuildingAssociationVisitationStrategy:628 - <<<< Finishing up attribute : Attribute(name=nombre, type=string [non-identifier])
15:17:03,355 DEBUG MetamodelGraphWalker:146 - Visiting attribute path : personaje.poderes
15:17:03,355 TRACE AbstractLoadPlanBuildingAssociationVisitationStrategy:547 - >>>> Starting attribute Attribute(name=poderes, type=java.util.Set(es.ies.puerto.modelo.impl.Personaje.poderes) [non-identifier,association])
15:17:03,357 DEBUG QuerySpacesImpl:174 - Adding QuerySpace : uid = <gen:2> -> org.hibernate.loader.plan.build.internal.spaces.CollectionQuerySpaceImpl@16f0ec50]
15:17:03,359 DEBUG QuerySpacesImpl:174 - Adding QuerySpace : uid = <gen:3> -> org.hibernate.loader.plan.build.internal.spaces.EntityQuerySpaceImpl@7609b7c5]
15:17:03,361 TRACE AbstractLoadPlanBuildingAssociationVisitationStrategy:628 - <<<< Finishing up attribute : Attribute(name=poderes, type=java.util.Set(es.ies.puerto.modelo.impl.Personaje.poderes) [non-identifier,association])
15:17:03,361 DEBUG MetamodelGraphWalker:146 - Visiting attribute path : personaje.alias
15:17:03,361 DEBUG MetamodelGraphWalker:154 - Property path deemed to be circular : personaje.alias
15:17:03,362 TRACE AbstractLoadPlanBuildingAssociationVisitationStrategy:120 - Popped fetch owner from stack : org.hibernate.loader.plan.build.internal.returns.EntityAttributeFetchImpl@5624f7a
15:17:03,363 TRACE AbstractLoadPlanBuildingAssociationVisitationStrategy:628 - << Finishing up attribute : Attribute(name=personaje, type=es.ies.puerto.modelo.impl.Personaje [non-identifier,association])
15:17:03,363 TRACE AbstractLoadPlanBuildingAssociationVisitationStrategy:120 - Popped fetch owner from stack : org.hibernate.loader.plan.build.internal.returns.EntityReturnImpl@64ac6960
15:17:03,363 TRACE AbstractLoadPlanBuildingAssociationVisitationStrategy:208 -  Finished root entity : es.ies.puerto.modelo.impl.Alias
15:17:03,363 DEBUG FetchStyleLoadPlanBuildingAssociationVisitationStrategy:150 - Building LoadPlan...
15:17:03,382 DEBUG LoadQueryJoinAndFetchProcessor:102 - processing queryspace <gen:0>
15:17:03,391 DEBUG LoadPlanTreePrinter:55 - LoadPlan(entity=es.ies.puerto.modelo.impl.Alias)
    - Returns
       - EntityReturnImpl(entity=es.ies.puerto.modelo.impl.Alias, querySpaceUid=<gen:0>, path=es.ies.puerto.modelo.impl.Alias)
          - EntityAttributeFetchImpl(entity=es.ies.puerto.modelo.impl.Personaje, querySpaceUid=<gen:1>, path=es.ies.puerto.modelo.impl.Alias.personaje)
             - CollectionAttributeFetchImpl(collection=es.ies.puerto.modelo.impl.Personaje.poderes, querySpaceUid=<gen:2>, path=es.ies.puerto.modelo.impl.Alias.personaje.poderes)
                - (collection element) CollectionFetchableElementEntityGraph(entity=es.ies.puerto.modelo.impl.Poder, querySpaceUid=<gen:3>, path=es.ies.puerto.modelo.impl.Alias.personaje.poderes.<elements>)
    - QuerySpaces
       - EntityQuerySpaceImpl(uid=<gen:0>, entity=es.ies.puerto.modelo.impl.Alias)
          - SQL table alias mapping - alias0_
          - alias suffix - 0_
          - suffixed key columns - {id1_0_0_}
          - JOIN (JoinDefinedByMetadata(personaje)) : <gen:0> -> <gen:1>
             - EntityQuerySpaceImpl(uid=<gen:1>, entity=es.ies.puerto.modelo.impl.Personaje)
                - SQL table alias mapping - personaje1_
                - alias suffix - 1_
                - suffixed key columns - {id1_1_1_}

15:17:03,436 DEBUG EntityLoader:129 - Static select for entity es.ies.puerto.modelo.impl.Alias [NONE]: select alias0_.id as id1_0_0_, alias0_.alias as alias2_0_0_, alias0_.personaje_id as personaj3_0_0_, personaje1_.id as id1_1_1_, personaje1_.genero as genero2_1_1_, personaje1_.nombre as nombre3_1_1_ from Alias alias0_ left outer join Personajes personaje1_ on alias0_.personaje_id=personaje1_.id where alias0_.id=?
15:17:03,465 DEBUG Loader:106 - Static select for entity es.ies.puerto.modelo.impl.Alias [NONE]: select alias0_.id as id1_0_1_, alias0_.alias as alias2_0_1_, alias0_.personaje_id as personaj3_0_1_, personaje1_.id as id1_1_0_, personaje1_.genero as genero2_1_0_, personaje1_.nombre as nombre3_1_0_ from Alias alias0_ left outer join Personajes personaje1_ on alias0_.personaje_id=personaje1_.id where alias0_.personaje_id=?
15:17:03,467 DEBUG AbstractEntityPersister:3923 - Static SQL for entity: es.ies.puerto.modelo.impl.Poder
[...]
15:17:03,921 TRACE AbstractLoadPlanBuildingAssociationVisitationStrategy:341 -  Starting root collection : es.ies.puerto.modelo.impl.Personaje.poderes
15:17:03,922 DEBUG QuerySpacesImpl:174 - Adding QuerySpace : uid = <gen:0> -> org.hibernate.loader.plan.build.internal.spaces.CollectionQuerySpaceImpl@1d6d1a18]
15:17:03,922 DEBUG QuerySpacesImpl:174 - Adding QuerySpace : uid = <gen:1> -> org.hibernate.loader.plan.build.internal.spaces.EntityQuerySpaceImpl@3c1d5349]
15:17:03,922 TRACE AbstractLoadPlanBuildingAssociationVisitationStrategy:316 - Pushing collection reference to stack : org.hibernate.loader.plan.build.internal.returns.CollectionReturnImpl@47716014
15:17:03,923 TRACE AbstractLoadPlanBuildingAssociationVisitationStrategy:648 -  Registering AssociationKey : AssociationKey(table=Personajes_Poderes, columns={personaje_id}) -> null
15:17:03,923 TRACE AbstractLoadPlanBuildingAssociationVisitationStrategy:454 -  Starting collection element graph : es.ies.puerto.modelo.impl.Personaje.poderes
15:17:03,923 TRACE AbstractLoadPlanBuildingAssociationVisitationStrategy:113 - Pushing fetch source to stack : org.hibernate.loader.plan.build.internal.returns.CollectionFetchableElementEntityGraph@8f52d5f
15:17:03,923 TRACE AbstractLoadPlanBuildingAssociationVisitationStrategy:648 - .. Registering AssociationKey : AssociationKey(table=Personajes_Poderes, columns={poder_id}) -> org.hibernate.loader.plan.build.internal.returns.CollectionFetchableElementEntityGraph@8f52d5f
15:17:03,923 TRACE AbstractLoadPlanBuildingAssociationVisitationStrategy:239 - >> Starting entity identifier : es.ies.puerto.modelo.impl.Poder
15:17:03,923 DEBUG MetamodelGraphWalker:146 - Visiting attribute path : personaje
15:17:03,923 DEBUG MetamodelGraphWalker:154 - Property path deemed to be circular : personaje
15:17:03,923 DEBUG MetamodelGraphWalker:146 - Visiting attribute path : poder
15:17:03,923 TRACE AbstractLoadPlanBuildingAssociationVisitationStrategy:547 - >> Starting attribute Attribute(name=poder, type=string [non-identifier])
15:17:03,923 TRACE AbstractLoadPlanBuildingAssociationVisitationStrategy:628 - << Finishing up attribute : Attribute(name=poder, type=string [non-identifier])
15:17:03,923 TRACE AbstractLoadPlanBuildingAssociationVisitationStrategy:120 - Popped fetch owner from stack : org.hibernate.loader.plan.build.internal.returns.CollectionFetchableElementEntityGraph@8f52d5f
15:17:03,923 TRACE AbstractLoadPlanBuildingAssociationVisitationStrategy:501 -  Finished collection element graph : es.ies.puerto.modelo.impl.Personaje.poderes
15:17:03,924 TRACE AbstractLoadPlanBuildingAssociationVisitationStrategy:323 - Popped collection reference from stack : org.hibernate.loader.plan.build.internal.returns.CollectionReturnImpl@47716014
15:17:03,924 TRACE AbstractLoadPlanBuildingAssociationVisitationStrategy:379 -  Finished root collection : es.ies.puerto.modelo.impl.Personaje.poderes
15:17:03,924 DEBUG FetchStyleLoadPlanBuildingAssociationVisitationStrategy:150 - Building LoadPlan...
15:17:03,924 DEBUG LoadQueryJoinAndFetchProcessor:102 - processing queryspace <gen:0>
15:17:03,924 DEBUG LoadPlanTreePrinter:55 - LoadPlan(collection=es.ies.puerto.modelo.impl.Personaje.poderes)
    - Returns
       - CollectionReturnImpl(collection=es.ies.puerto.modelo.impl.Personaje.poderes, querySpaceUid=<gen:0>, path=[es.ies.puerto.modelo.impl.Personaje.poderes])
          - (collection element) CollectionFetchableElementEntityGraph(entity=es.ies.puerto.modelo.impl.Poder, querySpaceUid=<gen:1>, path=[es.ies.puerto.modelo.impl.Personaje.poderes].<elements>)
    - QuerySpaces
       - CollectionQuerySpaceImpl(uid=<gen:0>, collection=es.ies.puerto.modelo.impl.Personaje.poderes)
          - SQL table alias mapping - poderes0_
          - alias suffix - 0_
          - suffixed key columns - {personaj1_2_0_}
          - entity-element alias suffix - 1_
          - 1_entity-element suffixed key columns - id1_3_1_
          - JOIN (JoinDefinedByMetadata(elements)) : <gen:0> -> <gen:1>
             - EntityQuerySpaceImpl(uid=<gen:1>, entity=es.ies.puerto.modelo.impl.Poder)
                - SQL table alias mapping - poder1_
                - alias suffix - 1_
                - suffixed key columns - {id1_3_1_}

15:17:03,925 DEBUG CollectionLoader:83 - Static select for collection es.ies.puerto.modelo.impl.Personaje.poderes: select poderes0_.personaje_id as personaj1_2_0_, poderes0_.poder_id as poder_id2_2_0_, poder1_.id as id1_3_1_, poder1_.poder as poder2_3_1_ from Personajes_Poderes poderes0_ inner join Poderes poder1_ on poderes0_.poder_id=poder1_.id where poderes0_.personaje_id=?
15:17:03,925 TRACE AbstractLoadPlanBuildingAssociationVisitationStrategy:341 -  Starting root collection : es.ies.puerto.modelo.impl.Poder.personaje
15:17:03,925 DEBUG QuerySpacesImpl:174 - Adding QuerySpace : uid = <gen:0> -> org.hibernate.loader.plan.build.internal.spaces.CollectionQuerySpaceImpl@7d3d4b83]
15:17:03,925 DEBUG QuerySpacesImpl:174 - Adding QuerySpace : uid = <gen:1> -> org.hibernate.loader.plan.build.internal.spaces.EntityQuerySpaceImpl@2b6cd876]
15:17:03,925 TRACE AbstractLoadPlanBuildingAssociationVisitationStrategy:316 - Pushing collection reference to stack : org.hibernate.loader.plan.build.internal.returns.CollectionReturnImpl@67517ccf
15:17:03,925 TRACE AbstractLoadPlanBuildingAssociationVisitationStrategy:648 -  Registering AssociationKey : AssociationKey(table=Personajes_Poderes, columns={poder_id}) -> null
15:17:03,925 TRACE AbstractLoadPlanBuildingAssociationVisitationStrategy:454 -  Starting collection element graph : es.ies.puerto.modelo.impl.Poder.personaje
15:17:03,925 TRACE AbstractLoadPlanBuildingAssociationVisitationStrategy:113 - Pushing fetch source to stack : org.hibernate.loader.plan.build.internal.returns.CollectionFetchableElementEntityGraph@466f2aaf
15:17:03,925 TRACE AbstractLoadPlanBuildingAssociationVisitationStrategy:648 - .. Registering AssociationKey : AssociationKey(table=Personajes_Poderes, columns={personaje_id}) -> org.hibernate.loader.plan.build.internal.returns.CollectionFetchableElementEntityGraph@466f2aaf
15:17:03,925 TRACE AbstractLoadPlanBuildingAssociationVisitationStrategy:239 - >> Starting entity identifier : es.ies.puerto.modelo.impl.Personaje
15:17:03,925 DEBUG MetamodelGraphWalker:146 - Visiting attribute path : genero
15:17:03,926 TRACE AbstractLoadPlanBuildingAssociationVisitationStrategy:547 - >> Starting attribute Attribute(name=genero, type=string [non-identifier])
15:17:03,926 TRACE AbstractLoadPlanBuildingAssociationVisitationStrategy:628 - << Finishing up attribute : Attribute(name=genero, type=string [non-identifier])
15:17:03,926 DEBUG MetamodelGraphWalker:146 - Visiting attribute path : nombre
15:17:03,926 TRACE AbstractLoadPlanBuildingAssociationVisitationStrategy:547 - >> Starting attribute Attribute(name=nombre, type=string [non-identifier])
15:17:03,926 TRACE AbstractLoadPlanBuildingAssociationVisitationStrategy:628 - << Finishing up attribute : Attribute(name=nombre, type=string [non-identifier])
15:17:03,926 DEBUG MetamodelGraphWalker:146 - Visiting attribute path : poderes
15:17:03,926 DEBUG MetamodelGraphWalker:154 - Property path deemed to be circular : poderes
15:17:03,926 DEBUG MetamodelGraphWalker:146 - Visiting attribute path : alias
15:17:03,926 TRACE AbstractLoadPlanBuildingAssociationVisitationStrategy:547 - >> Starting attribute Attribute(name=alias, type=es.ies.puerto.modelo.impl.Alias [non-identifier,association])
15:17:03,926 DEBUG QuerySpacesImpl:174 - Adding QuerySpace : uid = <gen:2> -> org.hibernate.loader.plan.build.internal.spaces.EntityQuerySpaceImpl@519910b2]
15:17:03,926 TRACE AbstractLoadPlanBuildingAssociationVisitationStrategy:113 - Pushing fetch source to stack : org.hibernate.loader.plan.build.internal.returns.EntityAttributeFetchImpl@1cfbcd9f
15:17:03,927 TRACE AbstractLoadPlanBuildingAssociationVisitationStrategy:648 - .... Registering AssociationKey : AssociationKey(table=Alias, columns={personaje_id}) -> org.hibernate.loader.plan.build.internal.returns.EntityAttributeFetchImpl@1cfbcd9f
15:17:03,927 TRACE AbstractLoadPlanBuildingAssociationVisitationStrategy:239 - >>>> Starting entity identifier : es.ies.puerto.modelo.impl.Alias
15:17:03,928 DEBUG MetamodelGraphWalker:146 - Visiting attribute path : alias.alias
15:17:03,928 TRACE AbstractLoadPlanBuildingAssociationVisitationStrategy:547 - >>>> Starting attribute Attribute(name=alias, type=string [non-identifier])
15:17:03,928 TRACE AbstractLoadPlanBuildingAssociationVisitationStrategy:628 - <<<< Finishing up attribute : Attribute(name=alias, type=string [non-identifier])
15:17:03,928 DEBUG MetamodelGraphWalker:146 - Visiting attribute path : alias.personaje
15:17:03,928 DEBUG MetamodelGraphWalker:154 - Property path deemed to be circular : alias.personaje
15:17:03,928 TRACE AbstractLoadPlanBuildingAssociationVisitationStrategy:120 - Popped fetch owner from stack : org.hibernate.loader.plan.build.internal.returns.EntityAttributeFetchImpl@1cfbcd9f
15:17:03,929 TRACE AbstractLoadPlanBuildingAssociationVisitationStrategy:628 - << Finishing up attribute : Attribute(name=alias, type=es.ies.puerto.modelo.impl.Alias [non-identifier,association])
15:17:03,929 TRACE AbstractLoadPlanBuildingAssociationVisitationStrategy:120 - Popped fetch owner from stack : org.hibernate.loader.plan.build.internal.returns.CollectionFetchableElementEntityGraph@466f2aaf
15:17:03,929 TRACE AbstractLoadPlanBuildingAssociationVisitationStrategy:501 -  Finished collection element graph : es.ies.puerto.modelo.impl.Poder.personaje
15:17:03,929 TRACE AbstractLoadPlanBuildingAssociationVisitationStrategy:323 - Popped collection reference from stack : org.hibernate.loader.plan.build.internal.returns.CollectionReturnImpl@67517ccf
15:17:03,929 TRACE AbstractLoadPlanBuildingAssociationVisitationStrategy:379 -  Finished root collection : es.ies.puerto.modelo.impl.Poder.personaje
15:17:03,929 DEBUG FetchStyleLoadPlanBuildingAssociationVisitationStrategy:150 - Building LoadPlan...
15:17:03,930 DEBUG LoadQueryJoinAndFetchProcessor:102 - processing queryspace <gen:0>
15:17:03,931 DEBUG LoadPlanTreePrinter:55 - LoadPlan(collection=es.ies.puerto.modelo.impl.Poder.personaje)
    - Returns
       - CollectionReturnImpl(collection=es.ies.puerto.modelo.impl.Poder.personaje, querySpaceUid=<gen:0>, path=[es.ies.puerto.modelo.impl.Poder.personaje])
          - (collection element) CollectionFetchableElementEntityGraph(entity=es.ies.puerto.modelo.impl.Personaje, querySpaceUid=<gen:1>, path=[es.ies.puerto.modelo.impl.Poder.personaje].<elements>)
             - EntityAttributeFetchImpl(entity=es.ies.puerto.modelo.impl.Alias, querySpaceUid=<gen:2>, path=[es.ies.puerto.modelo.impl.Poder.personaje].<elements>.alias)
    - QuerySpaces
       - CollectionQuerySpaceImpl(uid=<gen:0>, collection=es.ies.puerto.modelo.impl.Poder.personaje)
          - SQL table alias mapping - personaje0_
          - alias suffix - 0_
          - suffixed key columns - {poder_id2_2_0_}
          - entity-element alias suffix - 1_
          - 1_entity-element suffixed key columns - id1_1_1_
          - JOIN (JoinDefinedByMetadata(elements)) : <gen:0> -> <gen:1>
             - EntityQuerySpaceImpl(uid=<gen:1>, entity=es.ies.puerto.modelo.impl.Personaje)
                - SQL table alias mapping - personaje1_
                - alias suffix - 1_
                - suffixed key columns - {id1_1_1_}
                - JOIN (JoinDefinedByMetadata(alias)) : <gen:1> -> <gen:2>
                   - EntityQuerySpaceImpl(uid=<gen:2>, entity=es.ies.puerto.modelo.impl.Alias)
                      - SQL table alias mapping - alias2_
                      - alias suffix - 2_
                      - suffixed key columns - {id1_0_2_}

15:17:03,931 DEBUG CollectionLoader:83 - Static select for collection es.ies.puerto.modelo.impl.Poder.personaje: select personaje0_.poder_id as poder_id2_2_0_, personaje0_.personaje_id as personaj1_2_0_, personaje1_.id as id1_1_1_, personaje1_.genero as genero2_1_1_, personaje1_.nombre as nombre3_1_1_, alias2_.id as id1_0_2_, alias2_.alias as alias2_0_2_, alias2_.personaje_id as personaj3_0_2_ from Personajes_Poderes personaje0_ inner join Personajes personaje1_ on personaje0_.personaje_id=personaje1_.id left outer join Alias alias2_ on personaje1_.id=alias2_.personaje_id where personaje0_.poder_id=?
15:17:03,931 TRACE MetadataContext:204 - Wrapping up metadata context...
15:17:03,931 TRACE MetadataContext:216 - Starting entity [es.ies.puerto.modelo.impl.Alias]
15:17:03,931 TRACE AttributeFactory:173 - Building identifier attribute [Alias.id]
15:17:03,931 TRACE AttributeFactory:482 - Starting attribute metadata determination [id]
15:17:03,931 TRACE AttributeFactory:487 -     Determined member [java.lang.Integer es.ies.puerto.modelo.impl.Alias.id]
15:17:03,932 TRACE AttributeFactory:491 -     Determined type [name=integer, class=org.hibernate.type.IntegerType]
15:17:03,932 TRACE AttributeFactory:90 - Building attribute [Alias.alias]
15:17:03,932 TRACE AttributeFactory:482 - Starting attribute metadata determination [alias]
15:17:03,932 TRACE AttributeFactory:487 -     Determined member [java.lang.String es.ies.puerto.modelo.impl.Alias.alias]
15:17:03,932 TRACE AttributeFactory:491 -     Determined type [name=string, class=org.hibernate.type.StringType]
15:17:03,932 TRACE AttributeFactory:90 - Building attribute [Alias.personaje]
15:17:03,932 TRACE AttributeFactory:482 - Starting attribute metadata determination [personaje]
15:17:03,932 TRACE AttributeFactory:487 -     Determined member [es.ies.puerto.modelo.impl.Personaje es.ies.puerto.modelo.impl.Alias.personaje]
15:17:03,932 TRACE AttributeFactory:491 -     Determined type [name=es.ies.puerto.modelo.impl.Personaje, class=org.hibernate.type.ManyToOneType]
15:17:03,933 TRACE MetadataContext:251 - Completed entity [es.ies.puerto.modelo.impl.Alias]
15:17:03,933 TRACE MetadataContext:216 - Starting entity [es.ies.puerto.modelo.impl.Poder]
15:17:03,933 TRACE AttributeFactory:173 - Building identifier attribute [Poder.id]
15:17:03,933 TRACE AttributeFactory:482 - Starting attribute metadata determination [id]
15:17:03,933 TRACE AttributeFactory:487 -     Determined member [java.lang.Integer es.ies.puerto.modelo.impl.Poder.id]
15:17:03,933 TRACE AttributeFactory:491 -     Determined type [name=integer, class=org.hibernate.type.IntegerType]
15:17:03,933 TRACE AttributeFactory:90 - Building attribute [Poder.personaje]
15:17:03,933 TRACE AttributeFactory:482 - Starting attribute metadata determination [personaje]
15:17:03,933 TRACE AttributeFactory:487 -     Determined member [java.util.Set es.ies.puerto.modelo.impl.Poder.personaje]
15:17:03,933 TRACE AttributeFactory:491 -     Determined type [name=java.util.Set(es.ies.puerto.modelo.impl.Poder.personaje), class=org.hibernate.type.SetType]
15:17:03,934 TRACE AttributeFactory:90 - Building attribute [Poder.poder]
15:17:03,934 TRACE AttributeFactory:482 - Starting attribute metadata determination [poder]
15:17:03,934 TRACE AttributeFactory:487 -     Determined member [java.lang.String es.ies.puerto.modelo.impl.Poder.poder]
15:17:03,934 TRACE AttributeFactory:491 -     Determined type [name=string, class=org.hibernate.type.StringType]
15:17:03,934 TRACE MetadataContext:251 - Completed entity [es.ies.puerto.modelo.impl.Poder]
15:17:03,934 TRACE MetadataContext:216 - Starting entity [es.ies.puerto.modelo.impl.Personaje]
15:17:03,934 TRACE AttributeFactory:173 - Building identifier attribute [Personaje.id]
15:17:03,935 TRACE AttributeFactory:482 - Starting attribute metadata determination [id]
15:17:03,935 TRACE AttributeFactory:487 -     Determined member [java.lang.Integer es.ies.puerto.modelo.impl.Personaje.id]
15:17:03,935 TRACE AttributeFactory:491 -     Determined type [name=integer, class=org.hibernate.type.IntegerType]
15:17:03,935 TRACE AttributeFactory:90 - Building attribute [Personaje.genero]
15:17:03,935 TRACE AttributeFactory:482 - Starting attribute metadata determination [genero]
15:17:03,935 TRACE AttributeFactory:487 -     Determined member [private java.lang.String es.ies.puerto.modelo.impl.Personaje.genero]
15:17:03,935 TRACE AttributeFactory:491 -     Determined type [name=string, class=org.hibernate.type.StringType]
15:17:03,935 TRACE AttributeFactory:90 - Building attribute [Personaje.nombre]
15:17:03,935 TRACE AttributeFactory:482 - Starting attribute metadata determination [nombre]
15:17:03,935 TRACE AttributeFactory:487 -     Determined member [private java.lang.String es.ies.puerto.modelo.impl.Personaje.nombre]
15:17:03,935 TRACE AttributeFactory:491 -     Determined type [name=string, class=org.hibernate.type.StringType]
15:17:03,935 TRACE AttributeFactory:90 - Building attribute [Personaje.poderes]
15:17:03,935 TRACE AttributeFactory:482 - Starting attribute metadata determination [poderes]
15:17:03,935 TRACE AttributeFactory:487 -     Determined member [private java.util.Set es.ies.puerto.modelo.impl.Personaje.poderes]
15:17:03,935 TRACE AttributeFactory:491 -     Determined type [name=java.util.Set(es.ies.puerto.modelo.impl.Personaje.poderes), class=org.hibernate.type.SetType]
15:17:03,936 TRACE AttributeFactory:90 - Building attribute [Personaje.alias]
15:17:03,936 TRACE AttributeFactory:482 - Starting attribute metadata determination [alias]
15:17:03,936 TRACE AttributeFactory:487 -     Determined member [private es.ies.puerto.modelo.impl.Alias es.ies.puerto.modelo.impl.Personaje.alias]
15:17:03,936 TRACE AttributeFactory:491 -     Determined type [name=es.ies.puerto.modelo.impl.Alias, class=org.hibernate.type.OneToOneType]
15:17:03,937 TRACE MetadataContext:251 - Completed entity [es.ies.puerto.modelo.impl.Personaje]
15:17:03,937 TRACE NormalizingIdentifierHelperImpl:59 - Normalizing identifier quoting [null]
15:17:03,937 TRACE NormalizingIdentifierHelperImpl:59 - Normalizing identifier quoting [null]
15:17:03,937 TRACE AbstractServiceRegistryImpl:233 - Initializing service [role=org.hibernate.tool.schema.spi.SchemaManagementTool]
15:17:03,938  INFO access:47 - HHH10001501: Connection obtained from JdbcConnectionAccess [org.hibernate.engine.jdbc.env.internal.JdbcEnvironmentInitiator$ConnectionProviderJdbcConnectionAccess@1475268a] for (non-JTA) DDL execution was not in auto-commit mode; the Connection 'local transaction' will be committed and the Connection will be set into auto-commit mode.
15:17:03,940 TRACE NormalizingIdentifierHelperImpl:192 - Normalizing identifier quoting for object name [Alias]
15:17:03,940 TRACE NormalizingIdentifierHelperImpl:154 - Rendering unquoted identifier [Alias] in mixed case for use in DatabaseMetaData
15:17:03,940 DEBUG SessionFactoryImpl:775 - HHH000031: Closing
15:17:03,941 TRACE QueryPlanCache:252 - Cleaning QueryPlan Cache
15:17:03,941 TRACE AbstractServiceRegistryImpl:233 - Initializing service [role=org.hibernate.engine.jndi.spi.JndiService]
15:17:03,941 TRACE TypeConfiguration$Scope:211 - Handling #sessionFactoryClosed from [org.hibernate.internal.SessionFactoryImpl@71e21f48] for TypeConfiguration
15:17:03,941 DEBUG TypeConfiguration$Scope:350 - Un-scoping TypeConfiguration [org.hibernate.type.spi.TypeConfiguration$Scope@67c8dfea] from SessionFactory [org.hibernate.internal.SessionFactoryImpl@71e21f48]
15:17:03,941 DEBUG AbstractServiceRegistryImpl:419 - Implicitly destroying ServiceRegistry on de-registration of all child ServiceRegistries
15:17:03,942  INFO pooling:428 - HHH10001008: Cleaning up connection pool [jdbc:sqlite:src/main/resources/personajes.db]
15:17:03,943 DEBUG BootstrapServiceRegistryImpl:295 - Implicitly destroying Boot-strap registry on de-registration of all child ServiceRegistries
]]></system-out>
  </testcase>
</testsuite>