GROUP,PACKAGE,CLASS,INSTRUCTION_MISSED,INSTRUCTION_COVERED,BRANCH_MISSED,BRANCH_COVERED,LINE_MISSED,LINE_COVERED,COMPLEXITY_MISSED,COMPLEXITY_COVERED,METHOD_MISSED,METHOD_COVERED
trabajoconclases,ies.puerto,Rectangulo,44,0,0,0,16,0,9,0,9,0
trabajoconclases,ies.puerto,Producto,0,47,0,0,0,20,0,9,0,9
trabajoconclases,ies.puerto,Persona,0,75,0,0,0,28,0,12,0,12
trabajoconclases,ies.puerto,Circulo,0,35,0,0,0,8,0,5,0,5
trabajoconclases,ies.puerto,Estudiante,85,0,2,0,32,0,14,0,13,0
trabajoconclases,ies.puerto,CuentaBancaria,76,0,0,0,28,0,14,0,14,0
trabajoconclases,ies.puerto,Libro,0,47,0,0,0,17,0,8,0,8
trabajoconclases,ies.puerto,Tienda,0,94,0,2,0,15,0,6,0,5
