<?xml version="1.0" encoding="UTF-8"?>
<testsuite xmlns:xsi="http://www.w3.org/2001/XMLSchema-instance" xsi:noNamespaceSchemaLocation="https://maven.apache.org/surefire/maven-surefire-plugin/xsd/surefire-test-report.xsd" name="negocio.TiendaTest" time="0.336" tests="24" errors="0" skipped="0" failures="0">
  <properties>
[...]
</properties>
  <testcase name="eliminarCuidadoPersonalTest" classname="negocio.TiendaTest" time="0.148"/>
  <testcase name="eliminarAlimentoTest" classname="negocio.TiendaTest" time="0.006"/>
  <testcase name="cantidadAparatosTest" classname="negocio.TiendaTest" time="0.011"/>
  <testcase name="precioCuidadosPersonalesTest" classname="negocio.TiendaTest" time="0.006"/>
  <testcase name="ganaciaSouvenirsTest" classname="negocio.TiendaTest" time="0.012"/>
  <testcase name="gananciaAlimentosTest" classname="negocio.TiendaTest" time="0.008"/>
  <testcase name="eliminarAparatoTest" classname="negocio.TiendaTest" time="0.005"/>
  <testcase name="ganaciaAparatosTest" classname="negocio.TiendaTest" time="0.005"/>
  <testcase name="productosRecomendadosTest" classname="negocio.TiendaTest" time="0.017"/>
  <testcase name="cantidadCuidadoPersonalesTest" classname="negocio.TiendaTest" time="0.005"/>
  <testcase name="agregarCuidadoPersonalTest" classname="negocio.TiendaTest" time="0.005"/>
  <testcase name="precioProductosTest" classname="negocio.TiendaTest" time="0.004"/>
  <testcase name="comprobarConstructorCompletoTest" classname="negocio.TiendaTest" time="0.016"/>
  <testcase name="precioAlimentosTest" classname="negocio.TiendaTest" time="0.004"/>
  <testcase name="cantidadProductosTest" classname="negocio.TiendaTest" time="0.004"/>
  <testcase name="eliminarSouvenirsTest" classname="negocio.TiendaTest" time="0.006"/>
  <testcase name="cantidadAlimentosTest" classname="negocio.TiendaTest" time="0.004"/>
  <testcase name="agregarSouvenirTest" classname="negocio.TiendaTest" time="0.004"/>
  <testcase name="venderAlimentoTestTrue" classname="negocio.TiendaTest" time="0.004"/>
  <testcase name="ganaciaProductosTest" classname="negocio.TiendaTest" time="0.004"/>
  <testcase name="agregarAparatoTest" classname="negocio.TiendaTest" time="0.005"/>
  <testcase name="agregarAlimentoTest" classname="negocio.TiendaTest" time="0.004"/>
  <testcase name="cantidadSouvenirsTest" classname="negocio.TiendaTest" time="0.004"/>
  <testcase name="precioAparatosTest" classname="negocio.TiendaTest" time="0.009"/>
</testsuite>